[31m

processing file: topictool.qmd
[39m1/25                   
2/25 [unnamed-chunk-1] 
3/25                   
4/25 [cleancorusp]     
5/25                   
6/25 [unnamed-chunk-2] 
7/25                   
8/25 [unnamed-chunk-3] 
9/25                   
10/25 [unnamed-chunk-4] 
11/25                   
12/25 [unnamed-chunk-5] 
13/25                   
14/25 [unnamed-chunk-6] 
15/25                   
16/25 [unnamed-chunk-7] 
17/25                   
18/25 [unnamed-chunk-8] 
19/25                   
20/25 [unnamed-chunk-9] 
21/25                   
22/25 [unnamed-chunk-10]
23/25                   
24/25 [unnamed-chunk-11]
25/25                   
[31moutput file: topictool.knit.md

[39m[1mpandoc [22m
  to: html
  output-file: topictool.html
  standalone: true
  title-prefix: Language Technology and Data Analysis Laboratory (LADAL)
  section-divs: true
  html-math-method: mathjax
  wrap: none
  default-image-extension: png
  toc: true
  toc-depth: 2
  css:
    - ../../css/styles.css
  
[1mmetadata[22m
  document-css: false
  link-citations: true
  date-format: long
  lang: en
  resources: ../../images
  bibliography:
    - ../../assets/bibliography.bib
  toc-location: left
  toc-scroll: true
  smooth-scroll: true
  theme: minima
  
[31m

processing file: topictool.qmd
[39m1/25                   
2/25 [unnamed-chunk-1] 
3/25                   
4/25 [cleancorusp]     
5/25                   
6/25 [unnamed-chunk-2] 
7/25                   
8/25 [unnamed-chunk-3] 
9/25                   
10/25 [unnamed-chunk-4] 
11/25                   
12/25 [unnamed-chunk-5] 
13/25                   
14/25 [unnamed-chunk-6] 
15/25                   
16/25 [unnamed-chunk-7] 
17/25                   
18/25 [unnamed-chunk-8] 
19/25                   
20/25 [unnamed-chunk-9] 
21/25                   
22/25 [unnamed-chunk-10]
23/25                   
24/25 [unnamed-chunk-11]
25/25                   
[31moutput file: topictool.knit.md

[39m[1mpandoc [22m
  to: ipynb
  output-file: topictool.ipynb
  standalone: true
  default-image-extension: png
  
[1mmetadata[22m
  ipynb-title-block: /Applications/quarto/share/formats/ipynb/templates/title-block.md
  resources: ../../images
  bibliography:
    - ../../assets/bibliography.bib
  folder: ../../tools
  
Output created: ../../_site/tools/topictool/topictool.html

