[31m

processing file: string.qmd
[39m1/125                  
2/125 [prep1]          
3/125                  
4/125 [prep2]          
5/125                  
6/125 [readdat1]       
7/125                  
8/125 [readdat2]       
9/125                  
10/125 [readdat3]       
11/125                  
12/125 [readdat4]       
13/125                  
14/125 [lwr]            
15/125                  
16/125 [upr]            
17/125                  
18/125 [stringr2]       
19/125                  
20/125 [stringr3]       
21/125                  
22/125 [stringr4]       
23/125                  
24/125 [stringr5]       
25/125                  
26/125 [stringr6]       
27/125                  
28/125 [stringr7]       
29/125                  
30/125 [stringr8]       
31/125                  
32/125 [stringr9]       
33/125                  
34/125 [stringr10]      
35/125                  
36/125 [stringr11]      
37/125                  
38/125 [stringr12]      
39/125                  
40/125 [stringr13]      
41/125                  
42/125 [stringr14]      
43/125                  
44/125 [stringr15]      
45/125                  
46/125 [stringr16]      
47/125                  
48/125 [stringr17]      
49/125                  
50/125 [stringr18]      
51/125                  
52/125 [stringr19]      
53/125                  
54/125 [stringr20]      
55/125                  
56/125 [stringr21]      
57/125                  
58/125 [stringr22]      
59/125                  
60/125 [stringr23]      
61/125                  
62/125 [stringr24]      
63/125                  
64/125 [stringr25]      
65/125                  
66/125 [stringr26]      
67/125                  
68/125 [stringr27]      
69/125                  
70/125 [stringr28]      
71/125                  
72/125 [stringr29]      
73/125                  
74/125 [stringr30]      
75/125                  
76/125 [stringr31]      
77/125                  
78/125 [stringr32]      
79/125                  
80/125 [stringr33]      
81/125                  
82/125 [stringr34]      
83/125                  
84/125 [stringr35]      
85/125                  
86/125 [stringr36]      
87/125                  
88/125 [stringr37]      
89/125                  
90/125 [stringr38]      
91/125                  
92/125 [stringr39]      
93/125                  
94/125 [stringr40]      
95/125                  
96/125 [stringr41]      
97/125                  
98/125 [unnamed-chunk-1]
99/125                  
100/125 [unnamed-chunk-2]
101/125                  
102/125 [atp0]           
103/125                  
104/125 [atp1]           
105/125                  
106/125 [atp3]           
107/125                  
108/125 [atp5]           
109/125                  
110/125 [atp6]           
111/125                  
112/125 [atp7]           
113/125                  
114/125 [atp9]           
115/125                  
116/125 [atp11]          
117/125                  
118/125 [atp12]          
119/125                  
120/125 [atp14]          
121/125                  
122/125 [atp17]          
123/125                  
124/125 [fin]            
125/125                  
[31moutput file: string.knit.md

[39m[1mpandoc [22m
  to: html
  output-file: string.html
  standalone: true
  title-prefix: Language Technology and Data Analysis Laboratory (LADAL)
  section-divs: true
  html-math-method: mathjax
  wrap: none
  default-image-extension: png
  toc: true
  toc-depth: 2
  css:
    - ../../css/styles.css
  
[1mmetadata[22m
  document-css: false
  link-citations: true
  date-format: long
  lang: en
  resources: ../../images
  bibliography:
    - ../../assets/bibliography.bib
  hooks:
    post-render: ../../copy_qmd_files.sh
  toc-location: left
  toc-scroll: true
  smooth-scroll: true
  theme: minima
  title: String Processing in R
  author: Martin Schweinberger
  
[33mWARN: Unable to resolve link target: tutorials/string/tutorials/string/string.qmd[39m
Output created: ../../_site/tutorials/string/string.html

