[31m

processing file: gutenberg.qmd
[39m1/31        
2/31 [prep1]
3/31        
4/31 [gb1]  
5/31        
6/31 [gb3]  
7/31        
8/31 [gb4a] 
9/31        
10/31 [gb4b] 
11/31        
12/31 [gb5a] 
13/31        
14/31 [gb5b] 
15/31        
16/31 [gb6]  
17/31        
18/31 [gb8]  
19/31        
20/31 [gb9]  
21/31        
22/31 [gb10] 
23/31        
24/31 [gb11] 
25/31        
26/31 [gb12] 
27/31        
28/31 [gb13] 
29/31        
30/31 [fin]  
31/31        
[31moutput file: gutenberg.knit.md

[39m[1mpandoc [22m
  to: html
  output-file: gutenberg.html
  standalone: true
  title-prefix: Language Technology and Data Analysis Laboratory (LADAL)
  section-divs: true
  html-math-method: mathjax
  wrap: none
  default-image-extension: png
  toc: true
  toc-depth: 2
  css:
    - ../../css/styles.css
  
[1mmetadata[22m
  document-css: false
  link-citations: true
  date-format: long
  lang: en
  resources: ../../images
  bibliography:
    - ../../assets/bibliography.bib
  hooks:
    post-render: ../../copy_qmd_files.sh
  toc-location: left
  toc-scroll: true
  smooth-scroll: true
  theme: minima
  title: Downloading Texts from Project Gutenberg using R
  author: Martin Schweinberger
  
[33mWARN: Unable to resolve link target: tutorials/gutenberg/tutorials/gutenberg/gutenberg.qmd[39m
Output created: ../../_site/tutorials/gutenberg/gutenberg.html

