[31m

processing file: load.qmd
[39m1/61                  
2/61 [prep1]          
3/61                  
4/61 [prep2]          
5/61                  
6/61 [unnamed-chunk-1]
7/61                  
8/61 [lcsv1]          
9/61                  
10/61 [lcsv2]          
11/61                  
12/61 [scsv1]          
13/61                  
14/61 [lxlsx]          
15/61                  
16/61 [sxlsx]          
17/61                  
18/61 [ltxt1]          
19/61                  
20/61 [ltxt2]          
21/61                  
22/61 [ltxt]           
23/61                  
24/61 [ltext1]         
[31mRead 21 items
[39m25/61                  
26/61 [ltext2]         
27/61                  
28/61 [stext1]         
29/61                  
30/61 [lmulttexts]     
[31mRead 138 items
[39m[31mRead 81 items
[39m[31mRead 111 items
[39m[31mRead 101 items
[39m[31mRead 130 items
[39m[31mRead 165 items
[39m[31mRead 68 items
[39m31/61                  
32/61 [smulttexts]     
33/61                  
34/61 [rda]            
35/61                  
36/61 [srda1]          
37/61                  
38/61 [lweb]           
39/61                  
40/61 [gd1]            
41/61                  
42/61 [gd2]            
43/61                  
44/61 [gd3]            
45/61                  
46/61 [gd4]            
47/61                  
48/61 [gd5]            
49/61                  
50/61 [gd6]            
51/61                  
52/61 [ct1]            
53/61                  
54/61 [ct2]            
55/61                  
56/61 [ct4]            
57/61                  
58/61 [ct5]            
59/61                  
60/61 [fin]            
61/61                  
[31moutput file: load.knit.md

[39m[1mpandoc [22m
  to: html
  output-file: load.html
  standalone: true
  title-prefix: Language Technology and Data Analysis Laboratory (LADAL)
  section-divs: true
  html-math-method: mathjax
  wrap: none
  default-image-extension: png
  toc: true
  toc-depth: 2
  css:
    - ../../css/styles.css
  
[1mmetadata[22m
  document-css: false
  link-citations: true
  date-format: long
  lang: en
  resources: ../../images
  bibliography:
    - ../../assets/bibliography.bib
  hooks:
    post-render: ../../copy_qmd_files.sh
  toc-location: left
  toc-scroll: true
  smooth-scroll: true
  theme: minima
  title: 'Loading, saving, and generating data in R'
  author: Martin Schweinberger
  
[33mWARN: Unable to resolve link target: tutorials/load/tutorials/load/load.qmd[39m
Output created: ../../_site/tutorials/load/load.html

