[31m

processing file: spellcheck.qmd
[39m1/45                  
2/45 [unnamed-chunk-1]
3/45                  
4/45 [prep1]          
5/45                  
6/45 [prep2]          
7/45                  
8/45 [sp1]            
9/45                  
10/45 [sp3]            
11/45                  
12/45 [sp5]            
13/45                  
14/45 [sp7]            
15/45                  
16/45 [sp11]           
17/45                  
18/45 [sp13]           
19/45                  
20/45 [sp15]           
21/45                  
22/45 [prep5]          
23/45                  
24/45 [sp17]           
25/45                  
26/45 [prep6]          
27/45                  
28/45 [sp19]           
29/45                  
30/45 [prep7]          
31/45                  
32/45 [sp21]           
33/45                  
34/45 [prep9]          
35/45                  
36/45 [sp23]           
37/45                  
38/45 [sp25]           
39/45                  
40/45 [sp27]           
41/45                  
42/45 [sp31]           
43/45                  
44/45 [fin]            
45/45                  
[31moutput file: spellcheck.knit.md

[39m[1mpandoc [22m
  to: html
  output-file: spellcheck.html
  standalone: true
  title-prefix: Language Technology and Data Analysis Laboratory (LADAL)
  section-divs: true
  html-math-method: mathjax
  wrap: none
  default-image-extension: png
  toc: true
  toc-depth: 2
  css:
    - ../../css/styles.css
  
[1mmetadata[22m
  document-css: false
  link-citations: true
  date-format: long
  lang: en
  resources: ../../images
  bibliography:
    - ../../assets/bibliography.bib
  hooks:
    post-render: ../../copy_qmd_files.sh
  toc-location: left
  toc-scroll: true
  smooth-scroll: true
  theme: minima
  title: Spell checking text data with R
  author: Martin Schweinberger
  
[33mWARN: Unable to resolve link target: tutorials/spellcheck/tutorials/spellcheck/spellcheck.qmd[39m
Output created: ../../_site/tutorials/spellcheck/spellcheck.html

