[31m

processing file: vc.qmd
[39m1/43                  
2/43 [install]        
3/43                  
4/43 [loadvd]         
5/43                  
6/43 [vcrp]           
7/43                  
8/43 [unnamed-chunk-1]
9/43                  
10/43 [praatmain]      
11/43                  
12/43 [praatmain2]     
13/43                  
14/43 [praatrec]       
15/43                  
16/43 [praatdurrec]    
17/43                  
18/43 [praataftrec]    
19/43                  
20/43 [praatsav]       
21/43                  
22/43 [praatwav]       
23/43                  
24/43 [praatheed0]     
25/43                  
26/43 [praatheed1]     
27/43                  
28/43 [praatheed2]     
29/43                  
30/43 [praatheed3]     
31/43                  
32/43 [data1]          
33/43                  
34/43 [load]           
35/43                  
36/43 [refdata1]       
37/43                  
38/43 [refdata2]       
39/43                  
40/43 [unnamed-chunk-2]
41/43                  
42/43 [fin]            
43/43                  
[31moutput file: vc.knit.md

[39m[1mpandoc [22m
  to: html
  output-file: vc.html
  standalone: true
  title-prefix: Language Technology and Data Analysis Laboratory (LADAL)
  section-divs: true
  html-math-method: mathjax
  wrap: none
  default-image-extension: png
  toc: true
  toc-depth: 2
  css:
    - ../../css/styles.css
  
[1mmetadata[22m
  document-css: false
  link-citations: true
  date-format: long
  lang: en
  resources: ../../images
  bibliography:
    - ../../assets/bibliography.bib
  hooks:
    post-render: ../../copy_qmd_files.sh
  toc-location: left
  toc-scroll: true
  smooth-scroll: true
  theme: minima
  title: Creating Vowel Charts in R
  author: Martin Schweinberger
  
[33mWARN: Unable to resolve link target: tutorials/vc/tutorials/vc/vc.qmd[39m
Output created: ../../_site/tutorials/vc/vc.html

