[31m

processing file: svm.qmd
[39m1/25        
2/25 [prep1]
3/25        
4/25 [vsm1] 
5/25        
6/25 [tb1]  
7/25        
8/25 [vsm2] 
9/25        
10/25 [tb2]  
11/25        
12/25 [vsm3] 
13/25        
14/25 [vsm4] 
15/25        
16/25 [vsm5] 
17/25        
18/25 [vsm6] 
19/25        
20/25 [vsm7] 
21/25        
22/25 [vsm8] 
23/25        
24/25 [fin]  
25/25        
[31moutput file: svm.knit.md

[39m[1mpandoc [22m
  to: html
  output-file: svm.html
  standalone: true
  title-prefix: Language Technology and Data Analysis Laboratory (LADAL)
  section-divs: true
  html-math-method: mathjax
  wrap: none
  default-image-extension: png
  toc: true
  toc-depth: 2
  css:
    - ../../css/styles.css
  
[1mmetadata[22m
  document-css: false
  link-citations: true
  date-format: long
  lang: en
  resources: ../../images
  bibliography:
    - ../../assets/bibliography.bib
  hooks:
    post-render: ../../copy_qmd_files.sh
  toc-location: left
  toc-scroll: true
  smooth-scroll: true
  theme: minima
  title: Semantic Vector Space Models in R
  author: Martin Schweinberger
  
[33mWARN: Unable to resolve link target: tutorials/svm/tutorials/svm/svm.qmd[39m
Output created: ../../_site/tutorials/svm/svm.html

