[31m

processing file: table.qmd
[39m1/49                  
2/49 [unnamed-chunk-1]
3/49                  
4/49 [prep1]          
5/49                  
6/49 [prep2]          
7/49                  
8/49 [lt1]            
9/49                  
10/49 [line_0]         
11/49                  
12/49 [lt2]            
13/49                  
14/49 [lt3b]           
15/49                  
16/49 [line_01b]       
17/49                  
18/49 [excel7]         
19/49                  
20/49 [excel8]         
21/49                  
22/49 [tab_01b]        
23/49                  
24/49 [tab_02b]        
25/49                  
26/49 [tab_03b]        
27/49                  
28/49 [dp1]            
29/49                  
30/49 [tidy11]         
31/49                  
32/49 [dp2]            
33/49                  
34/49 [dp3]            
35/49                  
36/49 [dp4]            
37/49                  
38/49 [dp5]            
39/49                  
40/49 [dp6]            
41/49                  
42/49 [dp7]            
43/49                  
44/49 [dp8]            
45/49                  
46/49 [dp9]            
47/49                  
48/49 [fin]            
49/49                  
[31moutput file: table.knit.md

[39m[1mpandoc [22m
  to: html
  output-file: table.html
  standalone: true
  title-prefix: Language Technology and Data Analysis Laboratory (LADAL)
  section-divs: true
  html-math-method: mathjax
  wrap: none
  default-image-extension: png
  toc: true
  toc-depth: 2
  css:
    - ../../css/styles.css
  
[1mmetadata[22m
  document-css: false
  link-citations: true
  date-format: long
  lang: en
  resources: ../../images
  bibliography:
    - ../../assets/bibliography.bib
  hooks:
    post-render: ../../copy_qmd_files.sh
  toc-location: left
  toc-scroll: true
  smooth-scroll: true
  theme: minima
  title: Handling tables in R
  author: Martin Schweinberger
  
[33mWARN: Unable to resolve link target: tutorials/table/tutorials/table/table.qmd[39m
Output created: ../../_site/tutorials/table/table.html

