[31m

processing file: amtool.qmd
[39m1/17                  
2/17 [unnamed-chunk-1]
3/17                  
4/17 [unnamed-chunk-2]
5/17                  
6/17 [unnamed-chunk-3]
7/17                  
8/17 [unnamed-chunk-4]
9/17                  
10/17 [unnamed-chunk-5]
11/17                  
12/17 [unnamed-chunk-6]
13/17                  
14/17 [unnamed-chunk-7]
15/17                  
16/17 [unnamed-chunk-8]
17/17                  
[31moutput file: amtool.knit.md

[39m[1mpandoc [22m
  to: html
  output-file: amtool.html
  standalone: true
  title-prefix: Language Technology and Data Analysis Laboratory (LADAL)
  section-divs: true
  html-math-method: mathjax
  wrap: none
  default-image-extension: png
  toc: true
  toc-depth: 2
  css:
    - ../../css/styles.css
  
[1mmetadata[22m
  document-css: false
  link-citations: true
  date-format: long
  lang: en
  resources: ../../images
  bibliography:
    - ../../assets/bibliography.bib
  toc-location: left
  toc-scroll: true
  smooth-scroll: true
  theme: minima
  
[31m

processing file: amtool.qmd
[39m1/17                  
2/17 [unnamed-chunk-1]
3/17                  
4/17 [unnamed-chunk-2]
5/17                  
6/17 [unnamed-chunk-3]
7/17                  
8/17 [unnamed-chunk-4]
9/17                  
10/17 [unnamed-chunk-5]
11/17                  
12/17 [unnamed-chunk-6]
13/17                  
14/17 [unnamed-chunk-7]
15/17                  
16/17 [unnamed-chunk-8]
17/17                  
[31moutput file: amtool.knit.md

[39m[1mpandoc [22m
  to: ipynb
  output-file: amtool.ipynb
  standalone: true
  default-image-extension: png
  
[1mmetadata[22m
  ipynb-title-block: /Applications/quarto/share/formats/ipynb/templates/title-block.md
  resources: ../../images
  bibliography:
    - ../../assets/bibliography.bib
  folder: ../../tools
  
Output created: ../../_site/tools/amtool/amtool.html

