[31m

processing file: clust.qmd
[39m1/129        
2/129 [prep1]
3/129        
4/129 [prep2]
5/129        
6/129 [cl1]  
7/129        
8/129 [cl2]  
9/129        
10/129 [cl3]  
11/129        
12/129 [cl4]  
13/129        
14/129 [cl5]  
15/129        
16/129 [cl6]  
17/129        
18/129 [cl7]  
19/129        
20/129 [cl8]  
21/129        
22/129 [cl9]  
23/129        
24/129 [cl10] 
25/129        
26/129 [cl11] 
27/129        
28/129 [cl12] 
29/129        
30/129 [cl13] 
31/129        
32/129 [cl14] 
33/129        
34/129 [cl14b]
35/129        
36/129 [cl15] 
37/129        
38/129 [cl15b]
39/129        
40/129 [cl16] 
41/129        
42/129 [cl17] 
43/129        
44/129 [cl17b]
45/129        
46/129 [cl18] 
47/129        
48/129 [cl19] 
49/129        
50/129 [cl19b]
51/129        
52/129 [cl20] 
53/129        
54/129 [cl21] 
55/129        
56/129 [cl22] 
57/129        
58/129 [cl23] 
59/129        
60/129 [cl24] 
61/129        
62/129 [cl25] 
63/129        
64/129 [cl26] 
65/129        
66/129 [cl27] 
67/129        
68/129 [cl28] 
69/129        
70/129 [cl29] 
71/129        
72/129 [cl30] 
73/129        
74/129 [cl31] 
75/129        
76/129 [cl32] 
77/129        
78/129 [cl33] 
79/129        
80/129 [cl33b]
81/129        
82/129 [cl34] 
83/129        
84/129 [cl34b]
85/129        
86/129 [cl35] 
87/129        
88/129 [cl36] 
89/129        
90/129 [vsm1] 
91/129        
92/129 [vsm1b]
93/129        
94/129 [vsm2] 
95/129        
96/129 [vsm2b]
97/129        
98/129 [ca3]  
99/129        
100/129 [ca4]  
101/129        
102/129 [ca5]  
103/129        
104/129 [ca6]  
105/129        
106/129 [pca1] 
107/129        
108/129 [pca2] 
109/129        
110/129 [pca3] 
111/129        
112/129 [pca4] 
113/129        
114/129 [pca5] 
115/129        
116/129 [pca6] 
117/129        
118/129 [pca7] 
119/129        
120/129 [pca8] 
121/129        
122/129 [pca9] 
123/129        
124/129 [mds1] 
125/129        
126/129 [mds2] 
127/129        
128/129 [fin]  
129/129        
[31moutput file: clust.knit.md

[39m[1mpandoc [22m
  to: html
  output-file: clust.html
  standalone: true
  title-prefix: Language Technology and Data Analysis Laboratory (LADAL)
  section-divs: true
  html-math-method: mathjax
  wrap: none
  default-image-extension: png
  toc: true
  toc-depth: 2
  css:
    - ../../css/styles.css
  
[1mmetadata[22m
  document-css: false
  link-citations: true
  date-format: long
  lang: en
  resources: ../../images
  bibliography:
    - ../../assets/bibliography.bib
  hooks:
    post-render: ../../copy_qmd_files.sh
  toc-location: left
  toc-scroll: true
  smooth-scroll: true
  theme: minima
  title: Cluster and Correspondence Analysis in R
  author: Martin Schweinberger
  
[33mWARN: Unable to resolve link target: tutorials/clust/tutorials/clust/clust.qmd[39m
Output created: ../../_site/tutorials/clust/clust.html

