[31m

processing file: kwics.qmd
[39m1/113                  
2/113 [antc1]          
3/113                  
4/113 [coca1]          
5/113                  
6/113 [prep1]          
7/113                  
8/113 [prep2]          
9/113                  
10/113 [skwic2]         
11/113                  
12/113 [skwic2b]        
13/113                  
14/113 [skwic3]         
15/113                  
16/113 [skwic3b]        
17/113                  
18/113 [basekwic2]      
19/113                  
20/113 [basekwic2b]     
21/113                  
22/113 [basekwic4]      
23/113                  
24/113 [basekwic5]      
25/113                  
26/113 [basekwic6]      
27/113                  
28/113 [basekwic8]      
29/113                  
30/113 [skwic8b]        
31/113                  
32/113 [ex1_1]          
33/113                  
34/113 [ex1_2]          
35/113                  
36/113 [ex1_3]          
37/113                  
38/113 [unnamed-chunk-1]
39/113                  
40/113 [multikwic2]     
41/113                  
42/113 [multikwic2b]    
43/113                  
44/113 [ex2_1]          
45/113                  
46/113 [ex2_2]          
47/113                  
48/113 [ex2_3]          
49/113                  
50/113 [regex05]        
51/113                  
52/113 [regex05b]       
53/113                  
54/113 [regex03]        
55/113                  
56/113 [regex07b]       
57/113                  
58/113 [regex09]        
59/113                  
60/113 [regex09b]       
61/113                  
62/113 [rkwic6]         
63/113                  
64/113 [rkwic6b]        
65/113                  
66/113 [ex3_1]          
67/113                  
68/113 [ex3_2]          
69/113                  
70/113 [ex3_3]          
71/113                  
72/113 [pipekwic7]      
73/113                  
74/113 [pipekwic7b]     
75/113                  
76/113 [orderkwic2]     
77/113                  
78/113 [orderkwic2b]    
79/113                  
80/113 [arrange_kwic]   
81/113                  
82/113 [orderkwic4j]    
83/113                  
84/113 [unnamed-chunk-2]
85/113                  
86/113 [orderkwic4h]    
87/113                  
88/113 [trans2]         
89/113                  
90/113 [trans2b]        
91/113                  
92/113 [trans4]         
93/113                  
94/113 [trans4b]        
95/113                  
96/113 [trans6]         
97/113                  
98/113 [trans6b]        
99/113                  
100/113 [customkwic2]    
101/113                  
102/113 [customkwic4]    
103/113                  
104/113 [customkwic4b]   
105/113                  
106/113 [customkwic6]    
107/113                  
108/113 [customkwic8]    
109/113                  
110/113 [customkwic8b]   
111/113                  
112/113 [fin]            
113/113                  
[31moutput file: kwics.knit.md

[39m[1mpandoc [22m
  to: html
  output-file: kwics.html
  standalone: true
  title-prefix: Language Technology and Data Analysis Laboratory (LADAL)
  section-divs: true
  html-math-method: mathjax
  wrap: none
  default-image-extension: png
  toc: true
  toc-depth: 2
  css:
    - ../../css/styles.css
  
[1mmetadata[22m
  document-css: false
  link-citations: true
  date-format: long
  lang: en
  resources: ../../images
  bibliography:
    - ../../assets/bibliography.bib
  hooks:
    post-render: ../../copy_qmd_files.sh
  toc-location: left
  toc-scroll: true
  smooth-scroll: true
  theme: minima
  title: Concordancing with R
  author: Martin Schweinberger
  
[33mWARN: Unable to resolve link target: tutorials/kwics/tutorials/kwics/kwics.qmd[39m
Output created: ../../_site/tutorials/kwics/kwics.html

