[31m

processing file: postag.qmd
[39m1/39                  
2/39 [unnamed-chunk-1]
3/39                  
4/39 [unnamed-chunk-2]
5/39                  
6/39 [tags]           
7/39                  
8/39 [prep1]          
9/39                  
10/39 [initalisierung] 
11/39                  
12/39 [lmod]           
13/39                  
14/39 [udi1a]          
15/39                  
16/39 [udi1b]          
17/39                  
18/39 [udi1c]          
19/39                  
20/39 [udi1d]          
21/39                  
22/39 [udi2]           
23/39                  
24/39 [txts]           
25/39                  
26/39 [udi_mod2]       
27/39                  
28/39 [udi_mod4]       
29/39                  
30/39 [pos_ger]        
31/39                  
32/39 [pos_nl]         
33/39                  
34/39 [udi3]           
35/39                  
36/39 [udi5]           
37/39                  
38/39 [fin]            
39/39                  
[31moutput file: postag.knit.md

[39m[1mpandoc [22m
  to: html
  output-file: postag.html
  standalone: true
  title-prefix: Language Technology and Data Analysis Laboratory (LADAL)
  section-divs: true
  html-math-method: mathjax
  wrap: none
  default-image-extension: png
  toc: true
  toc-depth: 2
  css:
    - ../../css/styles.css
  
[1mmetadata[22m
  document-css: false
  link-citations: true
  date-format: long
  lang: en
  resources: ../../images
  bibliography:
    - ../../assets/bibliography.bib
  hooks:
    post-render: ../../copy_qmd_files.sh
  toc-location: left
  toc-scroll: true
  smooth-scroll: true
  theme: minima
  
[33mWARN: Unable to resolve link target: tutorials/postag/tutorials/postag/postag.qmd[39m
Output created: ../../_site/tutorials/postag/postag.html

