[31m

processing file: intror.qmd
[39m1/151                   
2/151 [updater]         
3/151                   
4/151 [intro_01_17]     
5/151                   
6/151 [calculator]      
7/151                   
8/151 [unnamed-chunk-1] 
9/151                   
10/151 [unnamed-chunk-2] 
11/151                   
12/151 [unnamed-chunk-3] 
13/151                   
14/151 [intro_01_11]     
15/151                   
16/151 [unnamed-chunk-4] 
17/151                   
18/151 [unnamed-chunk-5] 
19/151                   
20/151 [unnamed-chunk-6] 
21/151                   
22/151 [loadtext]        
23/151                   
24/151 [unnamed-chunk-7] 
25/151                   
26/151 [unnamed-chunk-8] 
27/151                   
28/151 [unnamed-chunk-9] 
29/151                   
30/151 [unnamed-chunk-10]
31/151                   
32/151 [unnamed-chunk-11]
33/151                   
34/151 [unnamed-chunk-12]
35/151                   
36/151 [unnamed-chunk-13]
37/151                   
38/151 [unnamed-chunk-14]
39/151                   
40/151 [savedisc]        
41/151                   
42/151 [unnamed-chunk-15]
43/151                   
44/151 [unnamed-chunk-16]
45/151                   
46/151 [unnamed-chunk-17]
47/151                   
48/151 [unnamed-chunk-18]
49/151                   
50/151 [unnamed-chunk-19]
51/151                   
52/151 [unnamed-chunk-20]
53/151                   
54/151 [load_texts]      
55/151                   
56/151 [load_texts_tidy] 
57/151                   
58/151 [unnamed-chunk-21]
59/151                   
60/151 [unnamed-chunk-22]
61/151                   
62/151 [unnamed-chunk-23]
63/151                   
64/151 [unnamed-chunk-24]
65/151                   
66/151 [unnamed-chunk-25]
67/151                   
68/151 [unnamed-chunk-26]
69/151                   
70/151 [unnamed-chunk-27]
71/151                   
72/151 [unnamed-chunk-28]
73/151                   
74/151 [unnamed-chunk-29]
75/151                   
76/151 [unnamed-chunk-30]
77/151                   
78/151 [unnamed-chunk-31]
79/151                   
80/151 [unnamed-chunk-32]
81/151                   
82/151 [unnamed-chunk-33]
83/151                   
84/151 [unnamed-chunk-34]
85/151                   
86/151 [unnamed-chunk-35]
87/151                   
88/151 [unnamed-chunk-36]
89/151                   
90/151 [unnamed-chunk-37]
91/151                   
92/151 [unnamed-chunk-38]
93/151                   
94/151 [unnamed-chunk-39]
95/151                   
96/151 [unnamed-chunk-40]
97/151                   
98/151 [unnamed-chunk-41]
99/151                   
100/151 [unnamed-chunk-42]
101/151                   
102/151 [unnamed-chunk-43]
103/151                   
104/151 [unnamed-chunk-44]
105/151                   
106/151 [unnamed-chunk-45]
107/151                   
108/151 [unnamed-chunk-46]
109/151                   
110/151 [unnamed-chunk-47]
111/151                   
112/151 [unnamed-chunk-48]
113/151                   
114/151 [unnamed-chunk-49]
115/151                   
116/151 [tc12b]           
117/151                   
118/151 [unnamed-chunk-50]
119/151                   
120/151 [cb12b]           
121/151                   
122/151 [unnamed-chunk-51]
123/151                   
124/151 [cb12c]           
125/151                   
126/151 [unnamed-chunk-52]
127/151                   
128/151 [unnamed-chunk-53]
129/151                   
130/151 [unnamed-chunk-54]
131/151                   
132/151 [unnamed-chunk-55]
133/151                   
134/151 [unnamed-chunk-56]
135/151                   
136/151 [unnamed-chunk-57]
137/151                   
138/151 [unnamed-chunk-58]
139/151                   
140/151 [unnamed-chunk-59]
141/151                   
142/151 [unnamed-chunk-60]
143/151                   
144/151 [unnamed-chunk-61]
145/151                   
146/151 [unnamed-chunk-62]
147/151                   
148/151 [unnamed-chunk-63]
149/151                   
150/151 [fin]             
151/151                   
[31moutput file: intror.knit.md

[39m[1mpandoc [22m
  to: html
  output-file: intror.html
  standalone: true
  title-prefix: Language Technology and Data Analysis Laboratory (LADAL)
  section-divs: true
  html-math-method: mathjax
  wrap: none
  default-image-extension: png
  toc: true
  toc-depth: 2
  css:
    - ../../css/styles.css
  
[1mmetadata[22m
  document-css: false
  link-citations: true
  date-format: long
  lang: en
  resources: ../../images
  bibliography:
    - ../../assets/bibliography.bib
  hooks:
    post-render: ../../copy_qmd_files.sh
  toc-location: left
  toc-scroll: true
  smooth-scroll: true
  theme: minima
  title: Getting started with R
  author: Martin Schweinberger
  
[33mWARN: Unable to resolve link target: tutorials/intror/tutorials/intror/intror.qmd[39m
Output created: ../../_site/tutorials/intror/intror.html

