[31m

processing file: dimred.qmd
[39m1/121                   
2/121 [prep1]           
3/121                   
4/121 [activate]        
5/121                   
6/121 [unnamed-chunk-1] 
7/121                   
8/121 [unnamed-chunk-2] 
9/121                   
10/121 [unnamed-chunk-3] 
11/121                   
12/121 [unnamed-chunk-4] 
13/121                   
14/121 [unnamed-chunk-5] 
15/121                   
16/121 [unnamed-chunk-6] 
17/121                   
18/121 [unnamed-chunk-7] 
19/121                   
20/121 [unnamed-chunk-8] 
21/121                   
22/121 [unnamed-chunk-9] 
23/121                   
24/121 [unnamed-chunk-10]
25/121                   
26/121 [unnamed-chunk-11]
27/121                   
28/121 [unnamed-chunk-12]
29/121                   
30/121 [unnamed-chunk-13]
31/121                   
32/121 [unnamed-chunk-14]
33/121                   
34/121 [unnamed-chunk-15]
35/121                   
36/121 [unnamed-chunk-16]
37/121                   
38/121 [unnamed-chunk-17]
39/121                   
40/121 [unnamed-chunk-18]
41/121                   
42/121 [unnamed-chunk-19]
43/121                   
44/121 [unnamed-chunk-20]
45/121                   
46/121 [unnamed-chunk-21]
47/121                   
48/121 [unnamed-chunk-22]
49/121                   
50/121 [unnamed-chunk-23]
51/121                   
52/121 [unnamed-chunk-24]
53/121                   
54/121 [unnamed-chunk-25]
55/121                   
56/121 [unnamed-chunk-26]
57/121                   
58/121 [unnamed-chunk-27]
59/121                   
60/121 [unnamed-chunk-28]
61/121                   
62/121 [unnamed-chunk-29]
63/121                   
64/121 [unnamed-chunk-30]
65/121                   
66/121 [unnamed-chunk-31]
67/121                   
68/121 [unnamed-chunk-32]
69/121                   
70/121 [unnamed-chunk-33]
71/121                   
72/121 [unnamed-chunk-34]
73/121                   
74/121 [unnamed-chunk-35]
75/121                   
76/121 [unnamed-chunk-36]
77/121                   
78/121 [unnamed-chunk-37]
79/121                   
80/121 [unnamed-chunk-38]
81/121                   
82/121 [unnamed-chunk-39]
83/121                   
84/121 [unnamed-chunk-40]
85/121                   
86/121 [removeNA1]       
87/121                   
88/121 [reteinnum]       
89/121                   
90/121 [unnamed-chunk-41]
91/121                   
92/121 [unnamed-chunk-42]
93/121                   
94/121 [unnamed-chunk-43]
95/121                   
96/121 [unnamed-chunk-44]
97/121                   
98/121 [unnamed-chunk-45]
99/121                   
100/121 [unnamed-chunk-46]
101/121                   
102/121 [unnamed-chunk-47]
103/121                   
104/121 [unnamed-chunk-48]
105/121                   
106/121 [unnamed-chunk-49]
107/121                   
108/121 [unnamed-chunk-50]
109/121                   
110/121 [unnamed-chunk-51]
111/121                   
112/121 [unnamed-chunk-52]
113/121                   
114/121 [unnamed-chunk-53]
115/121                   
116/121 [unnamed-chunk-54]
117/121                   
118/121 [unnamed-chunk-55]
119/121                   
120/121 [fin]             
121/121                   
[31moutput file: dimred.knit.md

[39m[1mpandoc [22m
  to: html
  output-file: dimred.html
  standalone: true
  title-prefix: Language Technology and Data Analysis Laboratory (LADAL)
  section-divs: true
  html-math-method: mathjax
  wrap: none
  default-image-extension: png
  toc: true
  toc-depth: 2
  css:
    - ../../css/styles.css
  
[1mmetadata[22m
  document-css: false
  link-citations: true
  date-format: long
  lang: en
  resources: ../../images
  bibliography:
    - ../../assets/bibliography.bib
  hooks:
    post-render: ../../copy_qmd_files.sh
  toc-location: left
  toc-scroll: true
  smooth-scroll: true
  theme: minima
  title: Introduction to Dimension Reduction Methods with R - AcqVA Aurora workshop
  author: Martin Schweinberger
  
[33mWARN: Unable to resolve link target: tutorials/dimred/tutorials/dimred/dimred.qmd[39m
[33mWARN: Unable to resolve link target: tutorials/dimred/tutorials/kwics/kwics.qmd[39m
Output created: ../../_site/tutorials/dimred/dimred.html

