[31m

processing file: llr.qmd
[39m1/133                  
2/133 [prep1]          
3/133                  
4/133 [prep2]          
5/133                  
6/133 [load]           
7/133                  
8/133 [conc1]          
9/133                  
10/133 [conc2]          
11/133                  
12/133 [conc3]          
13/133                  
14/133 [conc4]          
15/133                  
16/133 [conc5]          
17/133                  
18/133 [conc6]          
19/133                  
20/133 [fr1]            
21/133                  
22/133 [fr4]            
23/133                  
24/133 [fr5]            
25/133                  
26/133 [unnamed-chunk-1]
27/133                  
28/133 [split1]         
29/133                  
30/133 [split2]         
31/133                  
32/133 [senl5]          
33/133                  
34/133 [senl7]          
35/133                  
36/133 [senl8]          
37/133                  
38/133 [ng1]            
39/133                  
40/133 [ng2]            
41/133                  
42/133 [ng3]            
43/133                  
44/133 [ng4]            
45/133                  
46/133 [ng5]            
47/133                  
48/133 [ng7]            
49/133                  
50/133 [ng8]            
51/133                  
52/133 [ng10]           
53/133                  
54/133 [ng12]           
55/133                  
56/133 [ng15]           
57/133                  
58/133 [ang1]           
59/133                  
60/133 [ang3]           
61/133                  
62/133 [coll5]          
63/133                  
64/133 [coll6b]         
65/133                  
66/133 [coll7]          
67/133                  
68/133 [coll8b]         
69/133                  
70/133 [dfm1]           
71/133                  
72/133 [dfm1b]          
73/133                  
74/133 [dfm3]           
75/133                  
76/133 [dfm4]           
77/133                  
78/133 [dfm4b]          
79/133                  
80/133 [dfm6]           
81/133                  
82/133 [dfm6b]          
83/133                  
84/133 [dfm8]           
85/133                  
86/133 [pos2]           
87/133                  
88/133 [pos4]           
89/133                  
90/133 [pos5]           
91/133                  
92/133 [pa1]            
93/133                  
94/133 [pa3]            
95/133                  
96/133 [pa5]            
97/133                  
98/133 [pa6]            
99/133                  
100/133 [pa8]            
101/133                  
102/133 [pa9]            
103/133                  
104/133 [pa10]           
105/133                  
106/133 [ld1]            
107/133                  
108/133 [ld2]            
109/133                  
110/133 [ld4]            
111/133                  
112/133 [ld5]            
113/133                  
114/133 [ld7]            
115/133                  
116/133 [rd1]            
117/133                  
118/133 [rd3]            
119/133                  
120/133 [rd4]            
121/133                  
122/133 [sp1]            
123/133                  
124/133 [sp3]            
125/133                  
126/133 [sp4]            
127/133                  
128/133 [sp6]            
129/133                  
130/133 [sp7]            
131/133                  
132/133 [fin]            
133/133                  
[31moutput file: llr.knit.md

[39m[31mThere were 16 warnings (use warnings() to see them)
[39m[1mpandoc [22m
  to: html
  output-file: llr.html
  standalone: true
  title-prefix: Language Technology and Data Analysis Laboratory (LADAL)
  section-divs: true
  html-math-method: mathjax
  wrap: none
  default-image-extension: png
  toc: true
  toc-depth: 2
  css:
    - ../../css/styles.css
  
[1mmetadata[22m
  document-css: false
  link-citations: true
  date-format: long
  lang: en
  resources: ../../images
  bibliography:
    - ../../assets/bibliography.bib
  hooks:
    post-render: ../../copy_qmd_files.sh
  toc-location: left
  toc-scroll: true
  smooth-scroll: true
  theme: minima
  title: Analyzing learner language using R
  author: Martin Schweinberger
  
[33mWARN: Unable to resolve link target: tutorials/llr/tutorials/llr/llr.qmd[39m
Output created: ../../_site/tutorials/llr/llr.html

