[1mpandoc [22m
  to: html
  output-file: laegs.html
  standalone: true
  title-prefix: Language Technology and Data Analysis Laboratory (LADAL)
  section-divs: true
  html-math-method: mathjax
  wrap: none
  default-image-extension: png
  toc: true
  toc-depth: 2
  css:
    - ../../css/styles.css
  
[1mmetadata[22m
  document-css: false
  link-citations: true
  date-format: long
  lang: en
  resources: ../../images
  bibliography:
    - ../../assets/bibliography.bib
  hooks:
    post-render: ../../copy_qmd_files.sh
  toc-location: left
  toc-scroll: true
  smooth-scroll: true
  theme: minima
  title: Hello
  
Output created: ../../_site/tutorials/laegs/laegs.html

