[31m

processing file: textanalysis.qmd
[39m1/163                   
2/163 [unnamed-chunk-1] 
3/163                   
4/163 [prep1]           
5/163                   
6/163 [prep2]           
7/163                   
8/163 [conc1]           
9/163                   
10/163 [conc1b]          
11/163                   
12/163 [conc2]           
13/163                   
14/163 [conc2b]          
15/163                   
16/163 [conc3]           
17/163                   
18/163 [conc3b]          
19/163                   
20/163 [conc5]           
21/163                   
22/163 [conc5b]          
23/163                   
24/163 [conc7]           
25/163                   
26/163 [conc8b]          
27/163                   
28/163 [wf1]             
29/163                   
30/163 [wf1b]            
31/163                   
32/163 [wf2]             
33/163                   
34/163 [wf2b]            
35/163                   
36/163 [wf4]             
37/163                   
38/163 [wf5b]            
39/163                   
40/163 [wf6]             
41/163                   
42/163 [wc1]             
43/163                   
44/163 [wc2]             
45/163                   
46/163 [wc3]             
47/163                   
48/163 [wc4]             
49/163                   
50/163 [wf13]            
51/163                   
52/163 [wf14]            
53/163                   
54/163 [wf15]            
55/163                   
56/163 [wf16]            
57/163                   
58/163 [wf17b]           
59/163                   
60/163 [wf18]            
61/163                   
62/163 [dp]              
63/163                   
64/163 [dp2]             
65/163                   
66/163 [ou1]             
67/163                   
68/163 [ou1b]            
69/163                   
70/163 [ou2]             
71/163                   
72/163 [unnamed-chunk-2] 
73/163                   
74/163 [unnamed-chunk-3] 
75/163                   
76/163 [unnamed-chunk-4] 
77/163                   
78/163 [unnamed-chunk-5] 
79/163                   
80/163 [unnamed-chunk-6] 
81/163                   
82/163 [unnamed-chunk-7] 
83/163                   
84/163 [unnamed-chunk-8] 
85/163                   
86/163 [unnamed-chunk-9] 
87/163                   
88/163 [unnamed-chunk-10]
89/163                   
90/163 [unnamed-chunk-11]
91/163                   
92/163 [unnamed-chunk-12]
93/163                   
94/163 [unnamed-chunk-13]
95/163                   
96/163 [unnamed-chunk-14]
97/163                   
98/163 [unnamed-chunk-15]
99/163                   
100/163 [unnamed-chunk-16]
101/163                   
102/163 [unnamed-chunk-17]
103/163                   
104/163 [unnamed-chunk-18]
105/163                   
106/163 [unnamed-chunk-19]
107/163                   
108/163 [unnamed-chunk-20]
109/163                   
110/163 [unnamed-chunk-21]
111/163                   
112/163 [unnamed-chunk-22]
113/163                   
114/163 [unnamed-chunk-23]
115/163                   
116/163 [unnamed-chunk-24]
117/163                   
118/163 [unnamed-chunk-25]
119/163                   
120/163 [unnamed-chunk-26]
121/163                   
122/163 [tc1]             
123/163                   
124/163 [tc2]             
125/163                   
126/163 [tc3]             
127/163                   
128/163 [tc3b]            
129/163                   
130/163 [tc5]             
131/163                   
132/163 [tc6b]            
133/163                   
134/163 [tc8]             
135/163                   
136/163 [tc9b]            
137/163                   
138/163 [tc10]            
139/163                   
140/163 [tc11]            
141/163                   
142/163 [tc12b]           
143/163                   
144/163 [unnamed-chunk-27]
145/163                   
146/163 [udi1a]           
147/163                   
148/163 [udi1b]           
149/163                   
150/163 [udi1c]           
151/163                   
152/163 [udi1d]           
153/163                   
154/163 [udi2]            
155/163                   
156/163 [ner1]            
157/163                   
158/163 [udi3]            
159/163                   
160/163 [udi5]            
161/163                   
162/163 [fin]             
163/163                   
[31moutput file: textanalysis.knit.md

[39m[1mpandoc [22m
  to: html
  output-file: textanalysis.html
  standalone: true
  title-prefix: Language Technology and Data Analysis Laboratory (LADAL)
  section-divs: true
  html-math-method: mathjax
  wrap: none
  default-image-extension: png
  toc: true
  toc-depth: 2
  css:
    - ../../css/styles.css
  
[1mmetadata[22m
  document-css: false
  link-citations: true
  date-format: long
  lang: en
  resources: ../../images
  bibliography:
    - ../../assets/bibliography.bib
  hooks:
    post-render: ../../copy_qmd_files.sh
  toc-location: left
  toc-scroll: true
  smooth-scroll: true
  theme: minima
  title: Practical Overview of Selected Text Analytics Methods
  author: Martin Schweinberger
  
[33mWARN: Unable to resolve link target: tutorials/textanalysis/tutorials/kwics/kwics.qmd[39m
Output created: ../../_site/tutorials/textanalysis/textanalysis.html

