[1m[34m[1/2] tutorials/lex/lex.qmd[39m[22m
[31m

processing file: lex.qmd
[39m1/65          
2/65 [prep1]  
3/65          
4/65 [prep2]  
5/65          
6/65 [ld]     
7/65          
8/65 [lex1]   
9/65          
10/65 [lex2]   
11/65          
12/65 [lex3]   
13/65          
14/65 [lex7]   
15/65          
16/65 [lex8]   
17/65          
18/65 [ext1]   
19/65          
20/65 [ext3]   
21/65          
22/65 [none1]  
23/65          
24/65 [none2]  
25/65          
26/65 [none3]  
27/65          
28/65 [none4]  
29/65          
30/65 [syn1]   
31/65          
32/65 [vsm3]   
33/65          
34/65 [vsm5]   
35/65          
36/65 [vsm6]   
37/65          
38/65 [vsm8]   
39/65          
40/65 [vsm9]   
41/65          
42/65 [trans1] 
43/65          
44/65 [trans1b]
45/65          
46/65 [trans2] 
47/65          
48/65 [trans2b]
49/65          
50/65 [trans3] 
51/65          
52/65 [trans3b]
53/65          
54/65 [trans4] 
55/65          
56/65 [trans5] 
57/65          
58/65 [trans5b]
59/65          
60/65 [trans6] 
61/65          
62/65 [trans6b]
63/65          
64/65 [fin]    
65/65          
[31moutput file: lex.knit.md

[39m[33mWARN: Unable to resolve link target: tutorials/lex/tutorials/lex/lex.qmd[39m
[1m[34m[2/2] tutorials/lexsim/lexsim.qmd[39m[22m
[31m

processing file: lexsim.qmd
[39m1/15              
2/15 [prep1]      
3/15              
4/15 [prep2]      
5/15              
6/15 [librarydata]
7/15              
8/15 [jac]        
9/15              
10/15 [cos]        
11/15              
12/15 [le]         
13/15              
14/15 [fin]        
15/15              
[31moutput file: lexsim.knit.md

[39m[33mWARN: Unable to resolve link target: tutorials/lexsim/tutorials/lexsim/lexsim.qmd[39m

Output created: ../../_site/tutorials/lexsim/lexsim.html

