[31m

processing file: postool.qmd
[39m1/9                  
2/9 [unnamed-chunk-1]
3/9                  
4/9 [basekwic2]      
[31mtrying URL 'https://raw.githubusercontent.com/jwijffels/udpipe.models.ud.2.5/master/inst/udpipe-ud-2.5-191206/english-ewt-ud-2.5-191206.udpipe'
[39m[31mContent type 'application/octet-stream' length 16309608 bytes (15.6 MB)
[39m[31m=[39m[31m=[39m[31m=[39m[31m=[39m[31m=[39m[31m=[39m[31m=[39m[31m=[39m[31m=[39m[31m=[39m[31m=[39m[31m=[39m[31m=[39m[31m=[39m[31m=[39m[31m=[39m[31m=[39m[31m=[39m[31m=[39m[31m=[39m[31m=[39m[31m=[39m[31m=[39m[31m=[39m[31m=[39m[31m=[39m[31m=[39m[31m=[39m[31m=[39m[31m=[39m[31m=[39m[31m=[39m[31m=[39m[31m=[39m[31m=[39m[31m=[39m[31m=[39m[31m=[39m[31m=[39m[31m=[39m[31m=[39m[31m=[39m[31m=[39m[31m=[39m[31m=[39m[31m=[39m[31m=[39m[31m=[39m[31m=[39m[31m=
downloaded 15.6 MB

[39m5/9                  
6/9 [unnamed-chunk-2]
7/9                  
8/9 [unnamed-chunk-3]
9/9                  
[31moutput file: postool.knit.md

[39m[1mpandoc [22m
  to: html
  output-file: postool.html
  standalone: true
  title-prefix: Language Technology and Data Analysis Laboratory (LADAL)
  section-divs: true
  html-math-method: mathjax
  wrap: none
  default-image-extension: png
  toc: true
  toc-depth: 2
  css:
    - ../../css/styles.css
  
[1mmetadata[22m
  document-css: false
  link-citations: true
  date-format: long
  lang: en
  resources: ../../images
  bibliography:
    - ../../assets/bibliography.bib
  toc-location: left
  toc-scroll: true
  smooth-scroll: true
  theme: minima
  
[31m

processing file: postool.qmd
[39m1/9                  
2/9 [unnamed-chunk-1]
3/9                  
4/9 [basekwic2]      
[31mtrying URL 'https://raw.githubusercontent.com/jwijffels/udpipe.models.ud.2.5/master/inst/udpipe-ud-2.5-191206/english-ewt-ud-2.5-191206.udpipe'
[39m[31mContent type 'application/octet-stream' length 16309608 bytes (15.6 MB)
[39m[31m=[39m[31m=[39m[31m=[39m[31m=[39m[31m=[39m[31m=[39m[31m=[39m[31m=[39m[31m=[39m[31m=[39m[31m=[39m[31m=[39m[31m=[39m[31m=[39m[31m=[39m[31m=[39m[31m=[39m[31m=[39m[31m=[39m[31m=[39m[31m=[39m[31m=[39m[31m=[39m[31m=[39m[31m=[39m[31m=[39m[31m=[39m[31m=[39m[31m=[39m[31m=[39m[31m=[39m[31m=[39m[31m=[39m[31m=[39m[31m=[39m[31m=[39m[31m=[39m[31m=[39m[31m=[39m[31m=[39m[31m=[39m[31m=[39m[31m=[39m[31m=[39m[31m=[39m[31m=[39m[31m=[39m[31m=[39m[31m=[39m[31m=[39m[31m
downloaded 15.6 MB

[39m5/9                  
6/9 [unnamed-chunk-2]
7/9                  
8/9 [unnamed-chunk-3]
9/9                  
[31moutput file: postool.knit.md

[39m[1mpandoc [22m
  to: ipynb
  output-file: postool.ipynb
  standalone: true
  default-image-extension: png
  
[1mmetadata[22m
  ipynb-title-block: /Applications/quarto/share/formats/ipynb/templates/title-block.md
  resources: ../../images
  bibliography:
    - ../../assets/bibliography.bib
  folder: ../../tools
  
Output created: ../../_site/tools/postool/postool.html

