[31m

processing file: litsty.qmd
[39m1/65                     
2/65 [unnamed-chunk-1]   
3/65                     
4/65 [prep1]             
5/65                     
6/65 [pack_01]           
7/65                     
8/65 [unnamed-chunk-2]   
9/65                     
10/65 [loaddat]           
11/65                     
12/65 [loaddat_tb]        
13/65                     
14/65 [kwic_01]           
15/65                     
16/65 [pride_tb]          
17/65                     
18/65 [kwic_02]           
19/65                     
20/65 [kwic_tb]           
21/65                     
22/65 [unnamed-chunk-3]   
23/65                     
24/65 [books_tb]          
25/65                     
26/65 [book_tf_idf]       
27/65                     
28/65 [book_tf_idf_tb]    
29/65                     
30/65 [high_tf_idf]       
31/65                     
32/65 [high_tf_idfplot]   
33/65                     
34/65 [book_words]        
35/65                     
36/65 [book_words_tb]     
37/65                     
38/65 [tfplot]            
39/65                     
40/65 [Zipf]              
41/65                     
42/65 [freq_by_rank_tb]   
43/65                     
44/65 [fr]                
45/65                     
46/65 [ttr]               
47/65                     
48/65 [unnamed-chunk-4]   
49/65                     
50/65 [asl]               
51/65                     
52/65 [books_sentences_tb]
53/65                     
54/65 [unnamed-chunk-5]   
55/65                     
56/65 [sim01]             
57/65                     
58/65 [sim03]             
59/65                     
60/65 [net_01]            
61/65                     
62/65 [net_05]            
63/65                     
64/65 [fin]               
65/65                     
[31moutput file: litsty.knit.md

[39m[1mpandoc [22m
  to: html
  output-file: litsty.html
  standalone: true
  title-prefix: Language Technology and Data Analysis Laboratory (LADAL)
  section-divs: true
  html-math-method: mathjax
  wrap: none
  default-image-extension: png
  toc: true
  toc-depth: 2
  css:
    - ../../css/styles.css
  
[1mmetadata[22m
  document-css: false
  link-citations: true
  date-format: long
  lang: en
  resources: ../../images
  bibliography:
    - ../../assets/bibliography.bib
  hooks:
    post-render: ../../copy_qmd_files.sh
  toc-location: left
  toc-scroll: true
  smooth-scroll: true
  theme: minima
  
[33mWARN: Unable to resolve link target: tutorials/litsty/tutorials/litsty/litsty.qmd[39m
Output created: ../../_site/tutorials/litsty/litsty.html

