[31m

processing file: basicquant_cb.qmd
[39m1/121                       
2/121 [uq1]                 
3/121                       
4/121 [researchdesign]      
5/121                       
6/121 [variables]           
7/121                       
8/121 [unnamed-chunk-1]     
9/121                       
10/121 [coor1]               
11/121                       
12/121 [coor2]               
13/121                       
14/121 [unnamed-chunk-2]     
15/121                       
16/121 [normal2]             
17/121                       
18/121 [unnamed-chunk-3]     
19/121                       
20/121 [probcoin01]          
21/121                       
22/121 [probcoin02]          
23/121                       
24/121 [unnamed-chunk-4]     
25/121                       
26/121 [unnamed-chunk-5]     
27/121                       
28/121 [unnamed-chunk-6]     
29/121                       
30/121 [unnamed-chunk-7]     
31/121                       
32/121 [unnamed-chunk-8]     
33/121                       
34/121 [unnamed-chunk-9]     
35/121                       
36/121 [unnamed-chunk-10]    
37/121                       
38/121 [unnamed-chunk-11]    
39/121                       
40/121 [unnamed-chunk-12]    
41/121                       
42/121 [unnamed-chunk-13]    
43/121                       
44/121 [unnamed-chunk-14]    
45/121                       
46/121 [unnamed-chunk-15]    
47/121                       
48/121 [unnamed-chunk-16]    
49/121                       
50/121 [unnamed-chunk-17]    
51/121                       
52/121 [unnamed-chunk-18]    
53/121                       
54/121 [unnamed-chunk-19]    
55/121                       
56/121 [unnamed-chunk-20]    
57/121                       
58/121 [unnamed-chunk-21]    
59/121                       
60/121 [skewness]            
61/121                       
62/121 [calskew1]            
63/121                       
64/121 [calskew2]            
65/121                       
66/121 [kurtosis]            
67/121                       
68/121 [calclurt03]          
69/121                       
70/121 [unnamed-chunk-22]    
71/121                       
72/121 [unnamed-chunk-23]    
73/121                       
74/121 [z01]                 
75/121                       
76/121 [z02a]                
77/121                       
78/121 [z02b]                
79/121                       
80/121 [z03]                 
81/121                       
82/121 [unnamed-chunk-24]    
83/121                       
84/121 [dep]                 
85/121                       
86/121 [indep]               
87/121                       
88/121 [normal0]             
89/121                       
90/121 [normal1]             
91/121                       
92/121 [testnormality]       
93/121                       
94/121 [summarize_normality1]
95/121                       
96/121 [summarize_normality2]
97/121                       
98/121 [summarize_normality3]
99/121                       
100/121 [plotlog]             
101/121                       
102/121 [outlierswords]       
103/121                       
104/121 [outlierswords2]      
105/121                       
106/121 [boxplotwords2]       
107/121                       
108/121 [plotwc]              
109/121                       
110/121 [retestnormality]     
111/121                       
112/121 [plotsqrt]            
113/121                       
114/121 [retestnormality2]    
115/121                       
116/121 [unnamed-chunk-25]    
117/121                       
118/121 [unnamed-chunk-26]    
119/121                       
120/121 [fin]                 
121/121                       
[31moutput file: basicquant_cb.knit.md

[39m[1mpandoc [22m
  to: html
  output-file: basicquant_cb.html
  standalone: true
  title-prefix: Language Technology and Data Analysis Laboratory (LADAL)
  section-divs: true
  html-math-method: mathjax
  wrap: none
  default-image-extension: png
  toc: true
  toc-depth: 2
  css:
    - ../css/styles.css
  
[1mmetadata[22m
  document-css: false
  link-citations: true
  date-format: long
  lang: en
  resources: ../images
  bibliography:
    - ../assets/bibliography.bib
  toc-location: left
  toc-scroll: true
  smooth-scroll: true
  theme: minima
  title: Basic Concepts in Quantitative Research
  author: Martin Schweinberger
  
[WARNING] Div at line 1014 column 3 unclosed at line 2017 column 1, closing implicitly.
[WARNING] Div at line 987 column 3 unclosed at line 2017 column 1, closing implicitly.
[WARNING] Div at line 960 column 3 unclosed at line 2017 column 1, closing implicitly.
[WARNING] Div at line 933 column 3 unclosed at line 2017 column 1, closing implicitly.
[WARNING] Div at line 906 column 3 unclosed at line 2017 column 1, closing implicitly.
[WARNING] Div at line 897 column 1 unclosed at line 2017 column 1, closing implicitly.
[31m

processing file: basicquant_cb.qmd
[39m1/121                       
2/121 [uq1]                 
3/121                       
4/121 [researchdesign]      
5/121                       
6/121 [variables]           
7/121                       
8/121 [unnamed-chunk-1]     
9/121                       
10/121 [coor1]               
11/121                       
12/121 [coor2]               
13/121                       
14/121 [unnamed-chunk-2]     
15/121                       
16/121 [normal2]             
17/121                       
18/121 [unnamed-chunk-3]     
19/121                       
20/121 [probcoin01]          
21/121                       
22/121 [probcoin02]          
23/121                       
24/121 [unnamed-chunk-4]     
25/121                       
26/121 [unnamed-chunk-5]     
27/121                       
28/121 [unnamed-chunk-6]     
29/121                       
30/121 [unnamed-chunk-7]     
31/121                       
32/121 [unnamed-chunk-8]     
33/121                       
34/121 [unnamed-chunk-9]     
35/121                       
36/121 [unnamed-chunk-10]    
37/121                       
38/121 [unnamed-chunk-11]    
39/121                       
40/121 [unnamed-chunk-12]    
41/121                       
42/121 [unnamed-chunk-13]    
43/121                       
44/121 [unnamed-chunk-14]    
45/121                       
46/121 [unnamed-chunk-15]    
47/121                       
48/121 [unnamed-chunk-16]    
49/121                       
50/121 [unnamed-chunk-17]    
51/121                       
52/121 [unnamed-chunk-18]    
53/121                       
54/121 [unnamed-chunk-19]    
55/121                       
56/121 [unnamed-chunk-20]    
57/121                       
58/121 [unnamed-chunk-21]    
59/121                       
60/121 [skewness]            
61/121                       
62/121 [calskew1]            
63/121                       
64/121 [calskew2]            
65/121                       
66/121 [kurtosis]            
67/121                       
68/121 [calclurt03]          
69/121                       
70/121 [unnamed-chunk-22]    
71/121                       
72/121 [unnamed-chunk-23]    
73/121                       
74/121 [z01]                 
75/121                       
76/121 [z02a]                
77/121                       
78/121 [z02b]                
79/121                       
80/121 [z03]                 
81/121                       
82/121 [unnamed-chunk-24]    
83/121                       
84/121 [dep]                 
85/121                       
86/121 [indep]               
87/121                       
88/121 [normal0]             
89/121                       
90/121 [normal1]             
91/121                       
92/121 [testnormality]       
93/121                       
94/121 [summarize_normality1]
95/121                       
96/121 [summarize_normality2]
97/121                       
98/121 [summarize_normality3]
99/121                       
100/121 [plotlog]             
101/121                       
102/121 [outlierswords]       
103/121                       
104/121 [outlierswords2]      
105/121                       
106/121 [boxplotwords2]       
107/121                       
108/121 [plotwc]              
109/121                       
110/121 [retestnormality]     
111/121                       
112/121 [plotsqrt]            
113/121                       
114/121 [retestnormality2]    
115/121                       
116/121 [unnamed-chunk-25]    
117/121                       
118/121 [unnamed-chunk-26]    
119/121                       
120/121 [fin]                 
121/121                       
[31moutput file: basicquant_cb.knit.md

[39m[1mpandoc [22m
  to: ipynb
  output-file: basicquant_cb.ipynb
  standalone: true
  default-image-extension: png
  
[1mmetadata[22m
  ipynb-title-block: /Applications/quarto/share/formats/ipynb/templates/title-block.md
  resources: ../images
  bibliography:
    - ../assets/bibliography.bib
  folder: ../notebooks
  title: Basic Concepts in Quantitative Research
  author: Martin Schweinberger
  
[WARNING] Div at line 1088 column 3 unclosed at line 2147 column 1, closing implicitly.
[WARNING] Div at line 1057 column 3 unclosed at line 2147 column 1, closing implicitly.
[WARNING] Div at line 1026 column 3 unclosed at line 2147 column 1, closing implicitly.
[WARNING] Div at line 995 column 3 unclosed at line 2147 column 1, closing implicitly.
[WARNING] Div at line 964 column 3 unclosed at line 2147 column 1, closing implicitly.
[WARNING] Div at line 953 column 1 unclosed at line 2147 column 1, closing implicitly.
File basicquant_cb_files/figure-ipynb/researchdesign-1.png not found in resource path
