[31m

processing file: reinfnlp.qmd
[39m1/19              
2/19 [prep1]      
3/19              
4/19 [prep2]      
5/19              
6/19 [timeart]    
7/19              
8/19 [datatibble] 
9/19              
10/19 [artword]    
11/19              
12/19 [artwordstop]
13/19              
14/19 [summary]    
15/19              
16/19 [impsent]    
17/19              
18/19 [fin]        
19/19              
[31moutput file: reinfnlp.knit.md

[39m[1mpandoc [22m
  to: html
  output-file: reinfnlp.html
  standalone: true
  title-prefix: Language Technology and Data Analysis Laboratory (LADAL)
  section-divs: true
  html-math-method: mathjax
  wrap: none
  default-image-extension: png
  toc: true
  toc-depth: 2
  css:
    - ../../css/styles.css
  
[1mmetadata[22m
  document-css: false
  link-citations: true
  date-format: long
  lang: en
  resources: ../../images
  bibliography:
    - ../../assets/bibliography.bib
  hooks:
    post-render: ../../copy_qmd_files.sh
  toc-location: left
  toc-scroll: true
  smooth-scroll: true
  theme: minima
  title: Reinforcement Learning and Text Summarization in R
  author: Dattatreya Majumdar
  
[33mWARN: Unable to resolve link target: tutorials/reinfnlp/tutorials/reinfnlp/reinfnlp.qmd[39m
Output created: ../../_site/tutorials/reinfnlp/reinfnlp.html

