[31m

processing file: regex.qmd
[39m1/43                  
2/43 [unnamed-chunk-1]
3/43                  
4/43 [prep1]          
5/43                  
6/43 [prep2]          
7/43                  
8/43 [regex01]        
9/43                  
10/43 [regex02]        
11/43                  
12/43 [regex05]        
13/43                  
14/43 [regex03]        
15/43                  
16/43 [regex09]        
17/43                  
18/43 [regex10]        
19/43                  
20/43 [regex11]        
21/43                  
22/43 [regex12]        
23/43                  
24/43 [regex13]        
25/43                  
26/43 [regex14]        
27/43                  
28/43 [regex15]        
29/43                  
30/43 [regex16]        
31/43                  
32/43 [regex17]        
33/43                  
34/43 [regex18]        
35/43                  
36/43 [regex19]        
37/43                  
38/43 [regex20]        
39/43                  
40/43 [regex23]        
41/43                  
42/43 [fin]            
43/43                  
[31moutput file: regex.knit.md

[39m[1mpandoc [22m
  to: html
  output-file: regex.html
  standalone: true
  title-prefix: Language Technology and Data Analysis Laboratory (LADAL)
  section-divs: true
  html-math-method: mathjax
  wrap: none
  default-image-extension: png
  toc: true
  toc-depth: 2
  css:
    - ../../css/styles.css
  
[1mmetadata[22m
  document-css: false
  link-citations: true
  date-format: long
  lang: en
  resources: ../../images
  bibliography:
    - ../../assets/bibliography.bib
  hooks:
    post-render: ../../copy_qmd_files.sh
  toc-location: left
  toc-scroll: true
  smooth-scroll: true
  theme: minima
  title: Regular Expressions in R
  author: Martin Schweinberger
  
[33mWARN: Unable to resolve link target: tutorials/regex/tutorials/regex/regex.qmd[39m
Output created: ../../_site/tutorials/regex/regex.html

