[31m

processing file: motion.qmd
[39m1/47               
2/47 [prep1]       
3/47               
4/47 [prep2]       
5/47               
6/47 [mc1]         
7/47               
8/47 [mc2]         
9/47               
10/47 [mc3]         
11/47               
12/47 [mc3b]        
13/47               
14/47 [mc5]         
15/47               
16/47 [mc7]         
17/47               
18/47 [mc9]         
19/47               
20/47 [mc11]        
21/47               
22/47 [mc15]        
23/47               
24/47 [mc17]        
25/47               
26/47 [mc21]        
27/47               
28/47 [an1]         
29/47               
30/47 [an1b]        
31/47               
32/47 [an2]         
33/47               
34/47 [an3]         
35/47               
36/47 [an5]         
37/47               
38/47 [int1]        
39/47               
40/47 [int2]        
41/47               
42/47 [int3]        
43/47               
44/47 [resetOptions]
45/47               
46/47 [fin]         
47/47               
[31moutput file: motion.knit.md

[39m[1mpandoc [22m
  to: html
  output-file: motion.html
  standalone: true
  title-prefix: Language Technology and Data Analysis Laboratory (LADAL)
  section-divs: true
  html-math-method: mathjax
  wrap: none
  default-image-extension: png
  toc: true
  toc-depth: 2
  css:
    - ../../css/styles.css
  
[1mmetadata[22m
  document-css: false
  link-citations: true
  date-format: long
  lang: en
  resources: ../../images
  bibliography:
    - ../../assets/bibliography.bib
  hooks:
    post-render: ../../copy_qmd_files.sh
  toc-location: left
  toc-scroll: true
  smooth-scroll: true
  theme: minima
  title: Creating Interactive Visualizations in R
  author: Martin Schweinberger
  
[33mWARN: Unable to resolve link target: tutorials/motion/tutorials/motion/motion.qmd[39m
Output created: ../../_site/tutorials/motion/motion.html

