[31m

processing file: key.qmd
[39m1/45                   
2/45 [unnamed-chunk-1] 
3/45                   
4/45 [unnamed-chunk-2] 
5/45                   
6/45 [prep1]           
7/45                   
8/45 [prep2]           
9/45                   
10/45 [unnamed-chunk-3] 
11/45                   
12/45 [ds17]            
13/45                   
14/45 [unnamed-chunk-4] 
15/45                   
16/45 [unnamed-chunk-5] 
17/45                   
18/45 [unnamed-chunk-6] 
19/45                   
20/45 [unnamed-chunk-7] 
21/45                   
22/45 [unnamed-chunk-8] 
23/45                   
24/45 [unnamed-chunk-9] 
25/45                   
26/45 [unnamed-chunk-10]
27/45                   
28/45 [unnamed-chunk-11]
29/45                   
30/45 [unnamed-chunk-12]
31/45                   
32/45 [unnamed-chunk-13]
33/45                   
34/45 [unnamed-chunk-14]
35/45                   
36/45 [unnamed-chunk-15]
37/45                   
38/45 [unnamed-chunk-16]
39/45                   
40/45 [wc3]             
41/45                   
42/45 [wc4]             
43/45                   
44/45 [fin]             
45/45                   
[31moutput file: key.knit.md

[39m[1mpandoc [22m
  to: html
  output-file: key.html
  standalone: true
  title-prefix: Language Technology and Data Analysis Laboratory (LADAL)
  section-divs: true
  html-math-method: mathjax
  wrap: none
  default-image-extension: png
  toc: true
  toc-depth: 2
  css:
    - ../../css/styles.css
  
[1mmetadata[22m
  document-css: false
  link-citations: true
  date-format: long
  lang: en
  resources: ../../images
  bibliography:
    - ../../assets/bibliography.bib
  hooks:
    post-render: ../../copy_qmd_files.sh
  toc-location: left
  toc-scroll: true
  smooth-scroll: true
  theme: minima
  title: Keyness and Keyword Analysis in R
  author: Martin Schweinberger
  
[33mWARN: Unable to resolve link target: tutorials/key/tutorials/coll/coll.qmd[39m
Output created: ../../_site/tutorials/key/key.html

