[31m

processing file: basicquant.qmd
[39m1/107                       
2/107 [prep1]               
3/107                       
4/107 [researchdesign]      
5/107                       
6/107 [variables]           
7/107                       
8/107 [unnamed-chunk-1]     
9/107                       
10/107 [coor1]               
11/107                       
12/107 [coor2]               
13/107                       
14/107 [unnamed-chunk-2]     
15/107                       
16/107 [normal2]             
17/107                       
18/107 [unnamed-chunk-3]     
19/107                       
20/107 [probcoin01]          
21/107                       
22/107 [probcoin02]          
23/107                       
24/107 [unnamed-chunk-4]     
25/107                       
26/107 [unnamed-chunk-5]     
27/107                       
28/107 [unnamed-chunk-6]     
29/107                       
30/107 [unnamed-chunk-7]     
31/107                       
32/107 [unnamed-chunk-8]     
33/107                       
34/107 [unnamed-chunk-9]     
35/107                       
36/107 [unnamed-chunk-10]    
37/107                       
38/107 [unnamed-chunk-11]    
39/107                       
40/107 [unnamed-chunk-12]    
41/107                       
42/107 [unnamed-chunk-13]    
43/107                       
44/107 [unnamed-chunk-14]    
45/107                       
46/107 [unnamed-chunk-15]    
47/107                       
48/107 [unnamed-chunk-16]    
49/107                       
50/107 [skewness]            
51/107                       
52/107 [calskew1]            
53/107                       
54/107 [calskew2]            
55/107                       
56/107 [kurtosis]            
57/107                       
58/107 [calclurt03]          
59/107                       
60/107 [unnamed-chunk-17]    
61/107                       
62/107 [unnamed-chunk-18]    
63/107                       
64/107 [z01]                 
65/107                       
66/107 [z02a]                
67/107                       
68/107 [z02b]                
69/107                       
70/107 [z03]                 
71/107                       
72/107 [unnamed-chunk-19]    
73/107                       
74/107 [dep]                 
75/107                       
76/107 [indep]               
77/107                       
78/107 [normal0]             
79/107                       
80/107 [normal1]             
81/107                       
82/107 [testnormality]       
83/107                       
84/107 [summarize_normality1]
85/107                       
86/107 [summarize_normality2]
87/107                       
88/107 [summarize_normality3]
89/107                       
90/107 [plotlog]             
91/107                       
92/107 [outlierswords]       
93/107                       
94/107 [outlierswords2]      
95/107                       
96/107 [boxplotwords2]       
97/107                       
98/107 [plotwc]              
99/107                       
100/107 [retestnormality]     
101/107                       
102/107 [plotsqrt]            
103/107                       
104/107 [retestnormality2]    
105/107                       
106/107 [fin]                 
107/107                       
[31moutput file: basicquant.knit.md

[39m[1mpandoc [22m
  to: html
  output-file: basicquant.html
  standalone: true
  title-prefix: Language Technology and Data Analysis Laboratory (LADAL)
  section-divs: true
  html-math-method: mathjax
  wrap: none
  default-image-extension: png
  toc: true
  toc-depth: 2
  css:
    - ../../css/styles.css
  
[1mmetadata[22m
  document-css: false
  link-citations: true
  date-format: long
  lang: en
  resources: ../../images
  bibliography:
    - ../../assets/bibliography.bib
  hooks:
    post-render: ../../copy_qmd_files.sh
  toc-location: left
  toc-scroll: true
  smooth-scroll: true
  theme: minima
  title: Basic Concepts in Quantitative Research
  author: Martin Schweinberger
  
Output created: ../../_site/tutorials/basicquant/basicquant.html

