[31m

processing file: keytool.qmd
[39m1/15                  
2/15 [unnamed-chunk-1]
3/15                  
4/15 [unnamed-chunk-2]
5/15                  
6/15 [unnamed-chunk-3]
7/15                  
8/15 [unnamed-chunk-4]
9/15                  
10/15 [unnamed-chunk-5]
11/15                  
12/15 [unnamed-chunk-6]
13/15                  
14/15 [unnamed-chunk-7]
15/15                  
[31moutput file: keytool.knit.md

[39m[1mpandoc [22m
  to: html
  output-file: keytool.html
  standalone: true
  title-prefix: Language Technology and Data Analysis Laboratory (LADAL)
  section-divs: true
  html-math-method: mathjax
  wrap: none
  default-image-extension: png
  toc: true
  toc-depth: 2
  css:
    - ../../css/styles.css
  
[1mmetadata[22m
  document-css: false
  link-citations: true
  date-format: long
  lang: en
  resources: ../../images
  bibliography:
    - ../../assets/bibliography.bib
  toc-location: left
  toc-scroll: true
  smooth-scroll: true
  theme: minima
  
[31m

processing file: keytool.qmd
[39m1/15                  
2/15 [unnamed-chunk-1]
3/15                  
4/15 [unnamed-chunk-2]
5/15                  
6/15 [unnamed-chunk-3]
7/15                  
8/15 [unnamed-chunk-4]
9/15                  
10/15 [unnamed-chunk-5]
11/15                  
12/15 [unnamed-chunk-6]
13/15                  
14/15 [unnamed-chunk-7]
15/15                  
[31moutput file: keytool.knit.md

[39m[1mpandoc [22m
  to: ipynb
  output-file: keytool.ipynb
  standalone: true
  default-image-extension: png
  
[1mmetadata[22m
  ipynb-title-block: /Applications/quarto/share/formats/ipynb/templates/title-block.md
  resources: ../../images
  bibliography:
    - ../../assets/bibliography.bib
  folder: ../../tools
  
Output created: ../../_site/tools/keytool/keytool.html

