[31m

processing file: atap_docclass.qmd
[39m1/145                    
2/145 [install]          
3/145                    
4/145 [act]              
5/145                    
6/145 [loaddat]          
7/145                    
8/145 [inspect]          
9/145                    
10/145 [corpus]           
11/145                    
12/145 [inspectc]         
13/145                    
14/145 [fulltexttoks]     
15/145                    
16/145 [checktoks]        
17/145                    
18/145 [unnamed-chunk-1]  
19/145                    
20/145 [toks4]            
21/145                    
22/145 [toks1]            
23/145                    
24/145 [toksstem]         
25/145                    
26/145 [toksinspect]      
27/145                    
28/145 [gentoks]          
29/145                    
30/145 [toks]             
31/145                    
32/145 [unnamed-chunk-2]  
33/145                    
34/145 [firstdtm]         
35/145                    
36/145 [inistialdtm]      
37/145                    
38/145 [moredtm]          
39/145                    
40/145 [docvarsdtm]       
41/145                    
42/145 [docvars]          
43/145                    
44/145 [docfreqobj]       
45/145                    
46/145 [chck20]           
47/145                    
48/145 [headdocfreq]      
49/145                    
50/145 [tailsort]         
51/145                    
52/145 [greater5]         
53/145                    
54/145 [tail]             
55/145                    
56/145 [headsort]         
57/145                    
58/145 [insepct_dtma]     
59/145                    
60/145 [gentfidf]         
61/145                    
62/145 [inspect_dtm1]     
63/145                    
64/145 [inspect_dtm]      
65/145                    
66/145 [sdtm_tfidf]       
67/145                    
68/145 [train_dtm]        
69/145                    
70/145 [unnamed-chunk-3]  
71/145                    
72/145 [unnamed-chunk-4]  
73/145                    
74/145 [unnamed-chunk-5]  
75/145                    
76/145 [unnamed-chunk-6]  
77/145                    
78/145 [unnamed-chunk-7]  
79/145                    
80/145 [pred_nb]          
81/145                    
82/145 [table]            
83/145                    
84/145 [confmat_nb]       
85/145                    
86/145 [accuracy_nb]      
87/145                    
88/145 [param]            
89/145                    
90/145 [sort_nb_model]    
91/145                    
92/145 [nb_model]         
93/145                    
94/145 [rel_weight_rep_4] 
95/145                    
96/145 [sort_rel]         
97/145                    
98/145 [rel_weight_dem]   
99/145                    
100/145 [rel_weight_rep2_3]
101/145                    
102/145 [check]            
103/145                    
104/145 [sort]             
105/145                    
106/145 [rel_weight_dem2]  
107/145                    
108/145 [rel_weight_rep3_1]
109/145                    
110/145 [rel_weight_dem3]  
111/145                    
112/145 [doc_freq]         
113/145                    
114/145 [rel_weight_rep4_1]
115/145                    
116/145 [rel_weight_dem4]  
117/145                    
118/145 [lr_model]         
119/145                    
120/145 [confmat_lr]       
121/145                    
122/145 [accuracy_lra]     
123/145                    
124/145 [train_dtm2]       
125/145                    
126/145 [accuracy_lr]      
127/145                    
128/145 [accuracy]         
129/145                    
130/145 [insp_acc]         
131/145                    
132/145 [loop]             
133/145                    
134/145 [unnamed-chunk-8]  
135/145                    
136/145 [unnamed-chunk-9]  
137/145                    
138/145 [unnamed-chunk-10] 
139/145                    
140/145 [hist]             
141/145                    
142/145 [unnamed-chunk-11] 
143/145                    
144/145 [fin]              
145/145                    
[31moutput file: atap_docclass.knit.md

[39m[1mpandoc [22m
  to: html
  output-file: atap_docclass.html
  standalone: true
  title-prefix: Language Technology and Data Analysis Laboratory (LADAL)
  section-divs: true
  html-math-method: mathjax
  wrap: none
  default-image-extension: png
  toc: true
  toc-depth: 2
  css:
    - ../../css/styles.css
  
[1mmetadata[22m
  document-css: false
  link-citations: true
  date-format: long
  lang: en
  resources: ../../images
  bibliography:
    - ../../assets/bibliography.bib
  hooks:
    post-render: ../../copy_qmd_files.sh
  toc-location: left
  toc-scroll: true
  smooth-scroll: true
  theme: minima
  title: Classifying American Speeches
  author: Gerold Schneider and Max Lauber
  
[33mWARN: Unable to resolve link target: tutorials/atap_docclass/tutorials/atap_docclass/atap_docclass.qmd[39m
Output created: ../../_site/tutorials/atap_docclass/atap_docclass.html

