[31m

processing file: introviz.qmd
[39m1/113                  
2/113 [unnamed-chunk-1]
3/113                  
4/113 [plot10]         
5/113                  
6/113 [prep1]          
7/113                  
8/113 [prep2]          
9/113                  
10/113 [prep3]          
11/113                  
12/113 [prep5]          
13/113                  
14/113 [plot1]          
15/113                  
16/113 [plot2]          
17/113                  
18/113 [plot3]          
19/113                  
20/113 [plot4]          
21/113                  
22/113 [plot5]          
23/113                  
24/113 [axes1]          
25/113                  
26/113 [axes2]          
27/113                  
28/113 [axes3]          
29/113                  
30/113 [axes4]          
31/113                  
32/113 [axes5]          
33/113                  
34/113 [colors1]        
35/113                  
36/113 [colors2]        
37/113                  
38/113 [colors3]        
39/113                  
40/113 [colors4]        
41/113                  
42/113 [colors5]        
43/113                  
44/113 [colors6]        
45/113                  
46/113 [colors7]        
47/113                  
48/113 [colors8]        
49/113                  
50/113 [colors9]        
51/113                  
52/113 [colors10]       
53/113                  
54/113 [shape1]         
55/113                  
56/113 [shape2]         
57/113                  
58/113 [shape3]         
59/113                  
60/113 [shape4]         
61/113                  
62/113 [shape5]         
63/113                  
64/113 [shape6]         
65/113                  
66/113 [shape7]         
67/113                  
68/113 [shape8]         
69/113                  
70/113 [shape9]         
71/113                  
72/113 [size1]          
73/113                  
74/113 [size2]          
75/113                  
76/113 [text1]          
77/113                  
78/113 [text2]          
79/113                  
80/113 [text3]          
81/113                  
82/113 [text4]          
83/113                  
84/113 [text5]          
85/113                  
86/113 [text6]          
87/113                  
88/113 [text7]          
89/113                  
90/113 [text8]          
91/113                  
92/113 [combine1]       
93/113                  
94/113 [combine2]       
95/113                  
96/113 [combine3]       
97/113                  
98/113 [combine4]       
99/113                  
100/113 [theme1]         
101/113                  
102/113 [theme2]         
103/113                  
104/113 [legend1]        
105/113                  
106/113 [legend2]        
107/113                  
108/113 [legend3]        
109/113                  
110/113 [legend4]        
111/113                  
112/113 [fin]            
113/113                  
[31moutput file: introviz.knit.md

[39m[1mpandoc [22m
  to: html
  output-file: introviz.html
  standalone: true
  title-prefix: Language Technology and Data Analysis Laboratory (LADAL)
  section-divs: true
  html-math-method: mathjax
  wrap: none
  default-image-extension: png
  toc: true
  toc-depth: 2
  css:
    - ../../css/styles.css
  
[1mmetadata[22m
  document-css: false
  link-citations: true
  date-format: long
  lang: en
  resources: ../../images
  bibliography:
    - ../../assets/bibliography.bib
  hooks:
    post-render: ../../copy_qmd_files.sh
  toc-location: left
  toc-scroll: true
  smooth-scroll: true
  theme: minima
  title: Introduction to Data Visualization in R
  author: Martin Schweinberger
  
[33mWARN: Unable to resolve link target: tutorials/introviz/tutorials/introviz/introviz.qmd[39m
Output created: ../../_site/tutorials/introviz/introviz.html

