[31m

processing file: lexsim.qmd
[39m1/15              
2/15 [prep1]      
3/15              
4/15 [prep2]      
5/15              
6/15 [librarydata]
7/15              
8/15 [jac]        
9/15              
10/15 [cos]        
11/15              
12/15 [le]         
13/15              
14/15 [fin]        
15/15              
[31moutput file: lexsim.knit.md

[39m[1mpandoc [22m
  to: html
  output-file: lexsim.html
  standalone: true
  title-prefix: Language Technology and Data Analysis Laboratory (LADAL)
  section-divs: true
  html-math-method: mathjax
  wrap: none
  default-image-extension: png
  toc: true
  toc-depth: 2
  css:
    - ../../css/styles.css
  
[1mmetadata[22m
  document-css: false
  link-citations: true
  date-format: long
  lang: en
  resources: ../../images
  bibliography:
    - ../../assets/bibliography.bib
  hooks:
    post-render: ../../copy_qmd_files.sh
  toc-location: left
  toc-scroll: true
  smooth-scroll: true
  theme: minima
  title: Introduction to Lexical Similarity
  author: Dattatreya Majumdar
  
[33mWARN: Unable to resolve link target: tutorials/lexsim/tutorials/lexsim/lexsim.qmd[39m
Output created: ../../_site/tutorials/lexsim/lexsim.html

