[31m

processing file: tree.qmd
[39m1/117                  
2/117 [unnamed-chunk-1]
3/117                  
4/117 [preprep]        
5/117                  
6/117 [cit1a]          
7/117                  
8/117 [prep1]          
9/117                  
10/117 [prep2]          
11/117                  
12/117 [cit4c]          
13/117                  
14/117 [cit4d]          
15/117                  
16/117 [cit5]           
17/117                  
18/117 [cit7]           
19/117                  
20/117 [cit9]           
21/117                  
22/117 [cit11]          
23/117                  
24/117 [cit12]          
25/117                  
26/117 [cit13]          
27/117                  
28/117 [cit19]          
29/117                  
30/117 [cit19b]         
31/117                  
32/117 [cit20]          
33/117                  
34/117 [cit20b]         
35/117                  
36/117 [cit24]          
37/117                  
38/117 [citn1]          
39/117                  
40/117 [tb1]            
41/117                  
42/117 [citn2]          
43/117                  
44/117 [tb2]            
45/117                  
46/117 [citn3]          
47/117                  
48/117 [citn3b]         
49/117                  
50/117 [citn4]          
51/117                  
52/117 [citn5]          
53/117                  
54/117 [tb3]            
55/117                  
56/117 [cit1b]          
57/117                  
58/117 [pretty]         
59/117                  
60/117 [plotctree]      
61/117                  
62/117 [tb4]            
63/117                  
64/117 [rf2]            
65/117                  
66/117 [rf3]            
67/117                  
68/117 [rf3b]           
69/117                  
70/117 [rf4a]           
71/117                  
72/117 [rf4b]           
73/117                  
74/117 [rf4c]           
75/117                  
76/117 [rf5]            
77/117                  
78/117 [rf6]            
79/117                  
80/117 [rf7]            
81/117                  
82/117 [rf8]            
83/117                  
84/117 [rf9]            
85/117                  
86/117 [rf12]           
87/117                  
88/117 [rf13]           
89/117                  
90/117 [rf15]           
91/117                  
92/117 [rf16]           
93/117                  
94/117 [rf17]           
95/117                  
96/117 [rf18]           
97/117                  
98/117 [rf19]           
99/117                  
100/117 [bo1]            
101/117                  
102/117 [bo1b]           
103/117                  
104/117 [bo2]            
105/117                  
106/117 [bo2b]           
107/117                  
108/117 [bo3]            
109/117                  
110/117 [bo5]            
111/117                  
112/117 [bo6]            
113/117                  
114/117 [bo7]            
115/117                  
116/117 [fin]            
117/117                  
[31moutput file: tree.knit.md

[39m[1mpandoc [22m
  to: html
  output-file: tree.html
  standalone: true
  title-prefix: Language Technology and Data Analysis Laboratory (LADAL)
  section-divs: true
  html-math-method: mathjax
  wrap: none
  default-image-extension: png
  toc: true
  toc-depth: 2
  css:
    - ../../css/styles.css
  
[1mmetadata[22m
  document-css: false
  link-citations: true
  date-format: long
  lang: en
  resources: ../../images
  bibliography:
    - ../../assets/bibliography.bib
  hooks:
    post-render: ../../copy_qmd_files.sh
  toc-location: left
  toc-scroll: true
  smooth-scroll: true
  theme: minima
  title: Tree-Based Models in R
  author: Martin Schweinberger
  
[33mWARN: Unable to resolve link target: tutorials/tree/tutorials/tree/tree.qmd[39m
Output created: ../../_site/tutorials/tree/tree.html

