[31m

processing file: coll.qmd
[39m1/85                   
2/85 [unnamed-chunk-1] 
3/85                   
4/85 [unnamed-chunk-2] 
5/85                   
6/85 [unnamed-chunk-3] 
7/85                   
8/85 [prep1]           
9/85                   
10/85 [prep2]           
11/85                   
12/85 [coll1]           
13/85                   
14/85 [coll2b]          
15/85                   
16/85 [unnamed-chunk-4] 
17/85                   
18/85 [unnamed-chunk-5] 
19/85                   
20/85 [unnamed-chunk-6] 
21/85                   
22/85 [unnamed-chunk-7] 
23/85                   
24/85 [unnamed-chunk-8] 
25/85                   
26/85 [unnamed-chunk-9] 
27/85                   
28/85 [unnamed-chunk-10]
29/85                   
30/85 [unnamed-chunk-11]
31/85                   
32/85 [unnamed-chunk-12]
33/85                   
34/85 [unnamed-chunk-13]
35/85                   
36/85 [unnamed-chunk-14]
37/85                   
38/85 [unnamed-chunk-15]
39/85                   
40/85 [unnamed-chunk-16]
41/85                   
42/85 [unnamed-chunk-17]
43/85                   
44/85 [unnamed-chunk-18]
45/85                   
46/85 [unnamed-chunk-19]
47/85                   
48/85 [unnamed-chunk-20]
49/85                   
50/85 [unnamed-chunk-21]
51/85                   
52/85 [unnamed-chunk-22]
53/85                   
54/85 [unnamed-chunk-23]
55/85                   
56/85 [unnamed-chunk-24]
57/85                   
58/85 [unnamed-chunk-25]
59/85                   
60/85 [unnamed-chunk-26]
61/85                   
62/85 [unnamed-chunk-27]
63/85                   
64/85 [unnamed-chunk-28]
65/85                   
66/85 [unnamed-chunk-29]
67/85                   
68/85 [unnamed-chunk-30]
69/85                   
70/85 [unnamed-chunk-31]
71/85                   
72/85 [unnamed-chunk-32]
73/85                   
74/85 [coll3]           
75/85                   
76/85 [coll4]           
77/85                   
78/85 [unnamed-chunk-33]
79/85                   
80/85 [coll2]           
81/85                   
82/85 [coll3b]          
83/85                   
84/85 [fin]             
85/85                   
[31moutput file: coll.knit.md

[39m[1mpandoc [22m
  to: html
  output-file: coll.html
  standalone: true
  title-prefix: Language Technology and Data Analysis Laboratory (LADAL)
  section-divs: true
  html-math-method: mathjax
  wrap: none
  default-image-extension: png
  toc: true
  toc-depth: 2
  css:
    - ../../css/styles.css
  
[1mmetadata[22m
  document-css: false
  link-citations: true
  date-format: long
  lang: en
  resources: ../../images
  bibliography:
    - ../../assets/bibliography.bib
  hooks:
    post-render: ../../copy_qmd_files.sh
  toc-location: left
  toc-scroll: true
  smooth-scroll: true
  theme: minima
  title: Analyzing Collocations and N-grams in R
  author: Martin Schweinberger
  
[WARNING] Div at line 55 column 1 unclosed at line 1487 column 1, closing implicitly.
[33mWARN: Unable to resolve link target: tutorials/coll/tutorials/coll/coll.qmd[39m
Output created: ../../_site/tutorials/coll/coll.html

