[31m

processing file: regression.qmd
[39m1/501                   
2/501 [diff]            
3/501                   
4/501 [intro00a]        
5/501                   
6/501 [intro00]         
7/501                   
8/501 [intro01b]        
9/501                   
10/501 [intro01]         
11/501                   
12/501 [prep0]           
13/501                   
14/501 [prep1]           
15/501                   
16/501 [slr1]            
17/501                   
18/501 [slr2]            
19/501                   
20/501 [slr4]            
21/501                   
22/501 [slr5]            
23/501                   
24/501 [slr6]            
25/501                   
26/501 [slr7]            
27/501                   
28/501 [slr8]            
29/501                   
30/501 [slr9]            
31/501                   
32/501 [slr10]           
33/501                   
34/501 [slr11]           
35/501                   
36/501 [slr12]           
37/501                   
38/501 [slr13]           
39/501                   
40/501 [slr14]           
41/501                   
42/501 [slr15]           
43/501                   
44/501 [slr18]           
45/501                   
46/501 [m1.lm_report]    
47/501                   
48/501 [slr20]           
49/501                   
50/501 [slr21]           
51/501                   
52/501 [slr22]           
53/501                   
54/501 [slr23]           
55/501                   
56/501 [slr24]           
57/501                   
58/501 [slr25]           
59/501                   
60/501 [slr26]           
61/501                   
62/501 [slr27]           
63/501                   
64/501 [m2.lm_report]    
65/501                   
66/501 [mlr2]            
67/501                   
68/501 [mlr2b]           
69/501                   
70/501 [mlr3]            
71/501                   
72/501 [mlr4]            
73/501                   
74/501 [mlr5]            
75/501                   
76/501 [mlr6]            
77/501                   
78/501 [mlr7]            
79/501                   
80/501 [mlr8]            
81/501                   
82/501 [mlr9]            
83/501                   
84/501 [mlr10]           
85/501                   
86/501 [unnamed-chunk-1] 
87/501                   
88/501 [unnamed-chunk-2] 
89/501                   
90/501 [mlr11]           
91/501                   
92/501 [mlr12]           
93/501                   
94/501 [mlr13]           
95/501                   
96/501 [mlr14]           
97/501                   
98/501 [mlr15]           
99/501                   
100/501 [mlr16]           
101/501                   
102/501 [mlr17]           
103/501                   
104/501 [mlr18]           
105/501                   
106/501 [mlr19]           
107/501                   
108/501 [mlr20]           
109/501                   
110/501 [mlr21]           
111/501                   
112/501 [mlr22]           
113/501                   
114/501 [mlr23]           
115/501                   
116/501 [mlr24]           
117/501                   
118/501 [mlr25]           
119/501                   
120/501 [mlr25b]          
121/501                   
122/501 [mlr_report]      
123/501                   
124/501 [blm0]            
125/501                   
126/501 [blm0b]           
127/501                   
128/501 [blm1]            
129/501                   
130/501 [blm3]            
131/501                   
132/501 [blm4]            
133/501                   
134/501 [blm5]            
135/501                   
136/501 [blm6]            
137/501                   
138/501 [blm7]            
139/501                   
140/501 [blm8]            
141/501                   
142/501 [blm9]            
143/501                   
144/501 [blm10]           
145/501                   
146/501 [blm11]           
147/501                   
148/501 [blm12]           
149/501                   
150/501 [blm13]           
151/501                   
152/501 [blm14]           
153/501                   
154/501 [blm15]           
155/501                   
156/501 [blm16]           
157/501                   
158/501 [blm17]           
159/501                   
160/501 [blm18]           
161/501                   
162/501 [blm19]           
163/501                   
164/501 [blm20]           
165/501                   
166/501 [blm21]           
167/501                   
168/501 [blm22]           
169/501                   
170/501 [blm23]           
171/501                   
172/501 [blm24]           
173/501                   
174/501 [blm25]           
175/501                   
176/501 [blm26]           
177/501                   
178/501 [blm27]           
179/501                   
180/501 [blm28]           
181/501                   
182/501 [prep2]           
183/501                   
184/501 [data1]           
185/501                   
186/501 [data2]           
187/501                   
188/501 [unnamed-chunk-3] 
189/501                   
190/501 [unnamed-chunk-4] 
191/501                   
192/501 [unnamed-chunk-5] 
193/501                   
194/501 [unnamed-chunk-6] 
195/501                   
196/501 [unnamed-chunk-7] 
197/501                   
198/501 [mm2]             
199/501                   
200/501 [unnamed-chunk-8] 
201/501                   
202/501 [unnamed-chunk-9] 
203/501                   
204/501 [blm29]           
205/501                   
206/501 [blm30]           
207/501                   
208/501 [blm31]           
209/501                   
210/501 [blm32]           
211/501                   
212/501 [blm33]           
213/501                   
214/501 [blm34]           
215/501                   
216/501 [blm35]           
217/501                   
218/501 [blr_report]      
219/501                   
220/501 [orr1]            
221/501                   
222/501 [orr2]            
223/501                   
224/501 [orr3]            
225/501                   
226/501 [orr4]            
227/501                   
228/501 [orr5]            
229/501                   
230/501 [orr6]            
231/501                   
232/501 [orr7]            
233/501                   
234/501 [orr8]            
235/501                   
236/501 [orr9]            
237/501                   
238/501 [orr10]           
239/501                   
240/501 [pr0]             
241/501                   
242/501 [pr1]             
243/501                   
244/501 [pr2]             
245/501                   
246/501 [pr3]             
247/501                   
248/501 [pr4]             
249/501                   
250/501 [pr5]             
251/501                   
252/501 [pr6]             
253/501                   
254/501 [pr7]             
255/501                   
256/501 [pr8]             
257/501                   
258/501 [pr9]             
259/501                   
260/501 [pr10]            
261/501                   
262/501 [pr11]            
263/501                   
264/501 [pr12]            
265/501                   
266/501 [pr13]            
267/501                   
268/501 [pr14]            
269/501                   
270/501 [pr15]            
271/501                   
272/501 [pr16]            
273/501                   
274/501 [rr1]             
275/501                   
276/501 [rr2]             
277/501                   
278/501 [rr3]             
279/501                   
280/501 [rr4]             
281/501                   
282/501 [rr5]             
283/501                   
284/501 [rr6]             
285/501                   
286/501 [rr7]             
287/501                   
288/501 [rr8]             
289/501                   
290/501 [rr9]             
291/501                   
292/501 [lmm1]            
293/501                   
294/501 [lmm3]            
295/501                   
296/501 [lmm3b]           
297/501                   
298/501 [lmm4]            
299/501                   
300/501 [lmm5]            
301/501                   
302/501 [lmm6]            
303/501                   
304/501 [lmm7]            
305/501                   
306/501 [lmm7b]           
307/501                   
308/501 [lmm8]            
309/501                   
310/501 [lmm9a]           
311/501                   
312/501 [lmm9b]           
313/501                   
314/501 [lmm10]           
315/501                   
316/501 [lmm10b]          
317/501                   
318/501 [lmm11]           
319/501                   
320/501 [lmm12]           
321/501                   
322/501 [lmm13]           
323/501                   
324/501 [lmm14]           
325/501                   
326/501 [lmm15]           
327/501                   
328/501 [lmm15b]          
329/501                   
330/501 [lmm16]           
331/501                   
332/501 [lmm17]           
333/501                   
334/501 [lmm18]           
335/501                   
336/501 [lmm19]           
337/501                   
338/501 [lmm20]           
339/501                   
340/501 [lmm21a]          
341/501                   
342/501 [lmm21g]          
343/501                   
344/501 [lmm21c]          
345/501                   
346/501 [lmm21d]          
347/501                   
348/501 [lmm21b]          
349/501                   
350/501 [lmm22]           
351/501                   
352/501 [lmm23]           
353/501                   
354/501 [lmm24]           
355/501                   
356/501 [lmm25]           
357/501                   
358/501 [lmm26]           
359/501                   
360/501 [lmm27]           
361/501                   
362/501 [lmm28]           
363/501                   
364/501 [lmm29]           
365/501                   
366/501 [blmm1]           
367/501                   
368/501 [blmm3]           
369/501                   
370/501 [blmm3b]          
371/501                   
372/501 [blmm4]           
373/501                   
374/501 [blmm4b]          
375/501                   
376/501 [blmm8]           
377/501                   
378/501 [blmm9]           
379/501                   
380/501 [blmm10]          
381/501                   
382/501 [blmm11]          
383/501                   
384/501 [blmm12]          
385/501                   
386/501 [blmm13a]         
387/501                   
388/501 [blmm13b]         
389/501                   
390/501 [blmm13c]         
391/501                   
392/501 [blmm30a]         
393/501                   
394/501 [blmm30b]         
395/501                   
396/501 [blmm33]          
397/501                   
398/501 [blmm35]          
399/501                   
[31mError in `somers2()`:
! could not find function "somers2"
Backtrace:
 1. base::as.vector(somers2(probs, as.numeric(mblrdata$SUFlike))[1])
[39m[31m


Quitting from lines 1-1 (regression.qmd)
[39m[31mExecution halted
[39m