[31m

processing file: nettool.qmd
[39m1/9                  
2/9 [unnamed-chunk-1]
3/9                  
4/9 [unnamed-chunk-2]
5/9                  
6/9 [unnamed-chunk-3]
7/9                  
8/9 [unnamed-chunk-4]
9/9                  
[31moutput file: nettool.knit.md

[39m[1mpandoc [22m
  to: html
  output-file: nettool.html
  standalone: true
  title-prefix: Language Technology and Data Analysis Laboratory (LADAL)
  section-divs: true
  html-math-method: mathjax
  wrap: none
  default-image-extension: png
  toc: true
  toc-depth: 2
  css:
    - ../../css/styles.css
  
[1mmetadata[22m
  document-css: false
  link-citations: true
  date-format: long
  lang: en
  resources: ../../images
  bibliography:
    - ../../assets/bibliography.bib
  toc-location: left
  toc-scroll: true
  smooth-scroll: true
  theme: minima
  
[31m

processing file: nettool.qmd
[39m1/9                  
2/9 [unnamed-chunk-1]
3/9                  
4/9 [unnamed-chunk-2]
5/9                  
6/9 [unnamed-chunk-3]
7/9                  
8/9 [unnamed-chunk-4]
9/9                  
[31moutput file: nettool.knit.md

[39m[1mpandoc [22m
  to: ipynb
  output-file: nettool.ipynb
  standalone: true
  default-image-extension: png
  
[1mmetadata[22m
  ipynb-title-block: /Applications/quarto/share/formats/ipynb/templates/title-block.md
  resources: ../../images
  bibliography:
    - ../../assets/bibliography.bib
  folder: ../../tools
  
Output created: ../../_site/tools/nettool/nettool.html

