[31m

processing file: surveys.qmd
[39m1/103           
2/103 [prep_01] 
3/103           
4/103 [prep_02] 
5/103           
6/103 [line_0a1]
7/103           
8/103 [line_01b]
9/103           
10/103 [line_03] 
11/103           
12/103 [pie_01]  
13/103           
14/103 [pie_02]  
15/103           
16/103 [pie_03]  
17/103           
18/103 [pie_05]  
19/103           
20/103 [pie_07]  
21/103           
22/103 [pie_08]  
23/103           
24/103 [pie_09]  
25/103           
26/103 [pie_11]  
27/103           
28/103 [pie_12]  
29/103           
30/103 [pie_15]  
31/103           
32/103 [bar_01]  
33/103           
34/103 [bar_03]  
35/103           
36/103 [bar_04]  
37/103           
38/103 [bar_05]  
39/103           
40/103 [bar_13]  
41/103           
42/103 [likert1] 
43/103           
44/103 [likert2] 
45/103           
46/103 [likert7] 
47/103           
48/103 [likert9] 
49/103           
50/103 [likert11]
51/103           
52/103 [likert13]
53/103           
54/103 [likert15]
55/103           
56/103 [likert17]
57/103           
58/103 [cron_01] 
59/103           
60/103 [cron_02a]
61/103           
62/103 [cron_02b]
63/103           
64/103 [omeg_02] 
65/103           
66/103 [fa_01]   
67/103           
68/103 [fa_04]   
69/103           
70/103 [pca_03]  
71/103           
72/103 [pca_05]  
73/103           
74/103 [pca_07]  
75/103           
76/103 [pca_09]  
77/103           
78/103 [orr1]    
79/103           
80/103 [orr2]    
81/103           
82/103 [orr3]    
83/103           
84/103 [orr4]    
85/103           
86/103 [orr5]    
87/103           
88/103 [orr6]    
89/103           
90/103 [orr7]    
91/103           
92/103 [orr8]    
93/103           
94/103 [orr9]    
95/103           
96/103 [orr11]   
97/103           
98/103 [orr11b]  
99/103           
100/103 [orr13]   
101/103           
102/103 [fin]     
103/103           
[31moutput file: surveys.knit.md

[39m[1mpandoc [22m
  to: html
  output-file: surveys.html
  standalone: true
  title-prefix: Language Technology and Data Analysis Laboratory (LADAL)
  section-divs: true
  html-math-method: mathjax
  wrap: none
  default-image-extension: png
  toc: true
  toc-depth: 2
  css:
    - ../../css/styles.css
  
[1mmetadata[22m
  document-css: false
  link-citations: true
  date-format: long
  lang: en
  resources: ../../images
  bibliography:
    - ../../assets/bibliography.bib
  hooks:
    post-render: ../../copy_qmd_files.sh
  toc-location: left
  toc-scroll: true
  smooth-scroll: true
  theme: minima
  title: 'Questionnaires and Surveys: Analyses with R'
  author: Martin Schweinberger
  
Output created: ../../_site/tutorials/surveys/surveys.html

