[31m

processing file: topic.qmd
[39m1/65                  
2/65 [unnamed-chunk-1]
3/65                  
4/65 [unnamed-chunk-2]
5/65                  
6/65 [prep1]          
7/65                  
8/65 [prep2]          
9/65                  
10/65 [loaddata]       
11/65                  
12/65 [datadrivenlda]  
13/65                  
14/65 [cleanbetatopics]
15/65                  
16/65 [extractbeta]    
17/65                  
18/65 [checkterms]     
19/65                  
20/65 [seededlda]      
21/65                  
22/65 [dataframe]      
23/65                  
24/65 [vis]            
25/65                  
26/65 [tm2]            
27/65                  
28/65 [tm3a]           
29/65                  
30/65 [tm3a2]          
31/65                  
32/65 [tm3b]           
33/65                  
34/65 [tm3c]           
35/65                  
36/65 [tm4]            
37/65                  
38/65 [tm6]            
39/65                  
40/65 [tm8]            
41/65                  
42/65 [wordcloud]      
43/65                  
44/65 [tm9]            
45/65                  
46/65 [vis2]           
47/65                  
48/65 [tm11]           
49/65                  
50/65 [tm12]           
51/65                  
52/65 [unnamed-chunk-3]
53/65                  
54/65 [vis3]           
55/65                  
56/65 [tm14]           
57/65                  
58/65 [tm16]           
59/65                  
60/65 [tm18]           
61/65                  
62/65 [vis4]           
63/65                  
64/65 [fin]            
65/65                  
[31moutput file: topic.knit.md

[39m[1mpandoc [22m
  to: html
  output-file: topic.html
  standalone: true
  title-prefix: Language Technology and Data Analysis Laboratory (LADAL)
  section-divs: true
  html-math-method: mathjax
  wrap: none
  default-image-extension: png
  toc: true
  toc-depth: 2
  css:
    - ../../css/styles.css
  
[1mmetadata[22m
  document-css: false
  link-citations: true
  date-format: long
  lang: en
  resources: ../../images
  bibliography:
    - ../../assets/bibliography.bib
  hooks:
    post-render: ../../copy_qmd_files.sh
  toc-location: left
  toc-scroll: true
  smooth-scroll: true
  theme: minima
  title: Topic Modeling with R
  author: Martin Schweinberger
  
[33mWARN: Unable to resolve link target: tutorials/topic/tutorials/topic/topic.qmd[39m
Output created: ../../_site/tutorials/topic/topic.html

