[31m

processing file: dstats.qmd
[39m1/107                  
2/107 [unnamed-chunk-1]
3/107                  
4/107 [prep1]          
5/107                  
6/107 [prep2]          
7/107                  
8/107 [ds01]           
9/107                  
10/107 [ds02]           
11/107                  
12/107 [ds03]           
13/107                  
14/107 [ds04]           
15/107                  
16/107 [ds05]           
17/107                  
18/107 [ds06]           
19/107                  
20/107 [ex1_1]          
21/107                  
22/107 [ex1_2]          
23/107                  
24/107 [ex1_3]          
25/107                  
26/107 [ds07]           
27/107                  
28/107 [ds08]           
29/107                  
30/107 [ds09]           
31/107                  
32/107 [ds11]           
33/107                  
34/107 [ex2_1]          
35/107                  
36/107 [ex2_2]          
37/107                  
38/107 [ex12_3]         
39/107                  
40/107 [ds13]           
41/107                  
42/107 [ds14]           
43/107                  
44/107 [ds15]           
45/107                  
46/107 [ds16]           
47/107                  
48/107 [ds17]           
49/107                  
50/107 [ds18]           
51/107                  
52/107 [ds20a]          
53/107                  
54/107 [ds20b]          
55/107                  
56/107 [ds21]           
57/107                  
58/107 [ds22]           
59/107                  
60/107 [ds24]           
61/107                  
62/107 [ds25]           
63/107                  
64/107 [ds26]           
65/107                  
66/107 [ds28]           
67/107                  
68/107 [ex1]            
69/107                  
70/107 [ds30]           
71/107                  
72/107 [ds31]           
73/107                  
74/107 [ds32]           
75/107                  
76/107 [zci]            
77/107                  
78/107 [cim1]           
79/107                  
80/107 [ex11_1]         
81/107                  
82/107 [ex11_2]         
83/107                  
84/107 [ds36]           
85/107                  
86/107 [ds34b]          
87/107                  
88/107 [ds34]           
89/107                  
90/107 [ds37]           
91/107                  
92/107 [ds38]           
93/107                  
94/107 [ds40]           
95/107                  
96/107 [ds42]           
97/107                  
98/107 [ds41]           
99/107                  
100/107 [ds44]           
101/107                  
102/107 [ds48]           
103/107                  
104/107 [ds50]           
105/107                  
106/107 [fin]            
107/107                  
[31moutput file: dstats.knit.md

[39m[1mpandoc [22m
  to: html
  output-file: dstats.html
  standalone: true
  title-prefix: Language Technology and Data Analysis Laboratory (LADAL)
  section-divs: true
  html-math-method: mathjax
  wrap: none
  default-image-extension: png
  toc: true
  toc-depth: 2
  css:
    - ../../css/styles.css
  
[1mmetadata[22m
  document-css: false
  link-citations: true
  date-format: long
  lang: en
  resources: ../../images
  bibliography:
    - ../../assets/bibliography.bib
  hooks:
    post-render: ../../copy_qmd_files.sh
  toc-location: left
  toc-scroll: true
  smooth-scroll: true
  theme: minima
  title: Descriptive Statistics with R
  author: Martin Schweinberger
  
[33mWARN: Unable to resolve link target: tutorials/dstats/tutorials/dstats/dstats.qmd[39m
Output created: ../../_site/tutorials/dstats/dstats.html

