[31m

processing file: sentiment.qmd
[39m1/58 [uq1]        
2/58              
3/58 [prep1]      
4/58              
5/58 [prep2]      
6/58              
7/58 [sa3]        
8/58              
9/58 [ds02]       
10/58              
11/58 [sa5]        
12/58              
13/58 [sa7]        
14/58              
15/58 [sa7b]       
16/58              
17/58 [bsa1b]      
18/58              
19/58 [bsa1c]      
20/58              
21/58 [bsa3]       
22/58              
23/58 [bsa3b]      
24/58              
25/58 [bsa5]       
26/58              
27/58 [bsa7]       
28/58              
29/58 [contribsa1] 
30/58              
31/58 [contribsa1b]
32/58              
33/58 [contribsa2] 
34/58              
35/58 [pol1]       
36/58              
37/58 [bin1]       
38/58              
39/58 [bin1b]      
40/58              
41/58 [bin5]       
42/58              
43/58 [ma1]        
44/58              
45/58 [ma1b]       
46/58              
47/58 [ma5]        
48/58              
49/58 [neg1]       
50/58              
51/58 [neg1b]      
52/58              
53/58 [neg3]       
54/58              
55/58 [neg3b]      
56/58              
57/58 [fin]        
58/58              
[31moutput file: sentiment.knit.md

[39m[1mpandoc [22m
  to: html
  output-file: sentiment.html
  standalone: true
  title-prefix: Language Technology and Data Analysis Laboratory (LADAL)
  section-divs: true
  html-math-method: mathjax
  wrap: none
  default-image-extension: png
  toc: true
  toc-depth: 2
  css:
    - ../../css/styles.css
  
[1mmetadata[22m
  document-css: false
  link-citations: true
  date-format: long
  lang: en
  resources: ../../images
  bibliography:
    - ../../assets/bibliography.bib
  hooks:
    post-render: ../../copy_qmd_files.sh
  toc-location: left
  toc-scroll: true
  smooth-scroll: true
  theme: minima
  
[33mWARN: Unable to resolve link target: tutorials/sentiment/tutorials/sentiment/sentiment.qmd[39m
Output created: ../../_site/tutorials/sentiment/sentiment.html

