[31m

processing file: pwr.qmd
[39m1/121           
2/121 [same]    
3/121           
4/121 [displot1]
5/121           
6/121 [weak]    
7/121           
8/121 [efsize]  
9/121           
10/121 [medium]  
11/121           
12/121 [strong]  
13/121           
14/121 [vstrong] 
15/121           
16/121 [n30]     
17/121           
18/121 [n50]     
19/121           
20/121 [sd10]    
21/121           
22/121 [sd5]     
23/121           
24/121 [prep1]   
25/121           
26/121 [prep2]   
27/121           
28/121 [bp01]    
29/121           
30/121 [bp02]    
31/121           
32/121 [ex1]     
33/121           
34/121 [ex2]     
35/121           
36/121 [ex3]     
37/121           
38/121 [ex4]     
39/121           
40/121 [ex1_2]   
41/121           
42/121 [random01]
43/121           
44/121 [random02]
45/121           
46/121 [random03]
47/121           
48/121 [reg01]   
49/121           
50/121 [reg02]   
51/121           
52/121 [reg03]   
53/121           
54/121 [reg04]   
55/121           
56/121 [reg05]   
57/121           
58/121 [reg06]   
59/121           
60/121 [reg08]   
61/121           
62/121 [reg10]   
63/121           
64/121 [ext01]   
65/121           
66/121 [ext03]   
67/121           
68/121 [ext04]   
69/121           
70/121 [ext13]   
71/121           
72/121 [ext15]   
73/121           
74/121 [ext17]   
75/121           
76/121 [glmer01] 
77/121           
78/121 [datex2]  
79/121           
80/121 [glmer02] 
81/121           
82/121 [glmer03] 
83/121           
84/121 [glmer04] 
85/121           
86/121 [glmer06] 
87/121           
88/121 [glmer08] 
89/121           
90/121 [glmer10] 
91/121           
92/121 [glmer12] 
93/121           
94/121 [glmer14] 
95/121           
96/121 [glmer16] 
97/121           
98/121 [glmer18] 
99/121           
100/121 [glmer19] 
101/121           
102/121 [glmer20] 
103/121           
104/121 [pwr77]   
105/121           
106/121 [pwr78]   
107/121           
108/121 [pwr79]   
109/121           
110/121 [pwr80]   
111/121           
112/121 [pwr81]   
113/121           
114/121 [pwr82]   
115/121           
116/121 [pwr83]   
117/121           
118/121 [glmer36] 
119/121           
120/121 [fin]     
121/121           
[31moutput file: pwr.knit.md

[39m[1mpandoc [22m
  to: html
  output-file: pwr.html
  standalone: true
  title-prefix: Language Technology and Data Analysis Laboratory (LADAL)
  section-divs: true
  html-math-method: mathjax
  wrap: none
  default-image-extension: png
  toc: true
  toc-depth: 2
  css:
    - ../../css/styles.css
  
[1mmetadata[22m
  document-css: false
  link-citations: true
  date-format: long
  lang: en
  resources: ../../images
  bibliography:
    - ../../assets/bibliography.bib
  hooks:
    post-render: ../../copy_qmd_files.sh
  toc-location: left
  toc-scroll: true
  smooth-scroll: true
  theme: minima
  title: Power Analysis in R
  author: Martin Schweinberger
  
[33mWARNING (/Applications/quarto/share/filters/main.lua:9383) Unable to parse table from raw html block: skipping.
[39m[33mWARNING (/Applications/quarto/share/filters/main.lua:9383) Unable to parse table from raw html block: skipping.
[39m[33mWARNING (/Applications/quarto/share/filters/main.lua:9383) Unable to parse table from raw html block: skipping.
[39m[33mWARNING (/Applications/quarto/share/filters/main.lua:9383) Unable to parse table from raw html block: skipping.
[39m[33mWARNING (/Applications/quarto/share/filters/main.lua:9383) Unable to parse table from raw html block: skipping.
[39m[33mWARN: Unable to resolve link target: tutorials/pwr/tutorials/pwr/pwr.qmd[39m
Output created: ../../_site/tutorials/pwr/pwr.html

