[31m

processing file: introquant.qmd
[39m1/35                  
2/35 [prep1]          
3/35                  
4/35 [prep2]          
5/35                  
6/35 [unnamed-chunk-1]
7/35                  
8/35 [skinner1]       
9/35                  
10/35 [skinner2]       
11/35                  
12/35 [cards]          
13/35                  
14/35 [numbers]        
15/35                  
16/35 [unnamed-chunk-2]
17/35                  
18/35 [unnamed-chunk-3]
19/35                  
20/35 [tri1]           
21/35                  
22/35 [tri2]           
23/35                  
24/35 [unnamed-chunk-4]
25/35                  
26/35 [unnamed-chunk-5]
27/35                  
28/35 [abc1]           
29/35                  
30/35 [abc2]           
31/35                  
32/35 [circle]         
33/35                  
34/35 [fin]            
35/35                  
[31moutput file: introquant.knit.md

[39m[1mpandoc [22m
  to: html
  output-file: introquant.html
  standalone: true
  title-prefix: Language Technology and Data Analysis Laboratory (LADAL)
  section-divs: true
  html-math-method: mathjax
  wrap: none
  default-image-extension: png
  toc: true
  toc-depth: 2
  css:
    - ../../css/styles.css
  
[1mmetadata[22m
  document-css: false
  link-citations: true
  date-format: long
  lang: en
  resources: ../../images
  bibliography:
    - ../../assets/bibliography.bib
  hooks:
    post-render: ../../copy_qmd_files.sh
  toc-location: left
  toc-scroll: true
  smooth-scroll: true
  theme: minima
  title: Introduction to Quantitative Reasoning
  author: Martin Schweinberger
  nocite: |
    @sagan2011demon, @hood2009supersense, @eid2010statistik, @dunning2008here
  
Output created: ../../_site/tutorials/introquant/introquant.html

