[31m

processing file: txtsum.qmd
[39m1/19                  
2/19 [prep1]          
3/19                  
4/19 [prep2]          
5/19                  
6/19 [unnamed-chunk-1]
7/19                  
8/19 [unnamed-chunk-2]
9/19                  
10/19 [unnamed-chunk-3]
11/19                  
12/19 [unnamed-chunk-4]
13/19                  
14/19 [unnamed-chunk-5]
15/19                  
16/19 [ex1_1]          
17/19                  
18/19 [fin]            
19/19                  
[31moutput file: txtsum.knit.md

[39m[1mpandoc [22m
  to: html
  output-file: txtsum.html
  standalone: true
  title-prefix: Language Technology and Data Analysis Laboratory (LADAL)
  section-divs: true
  html-math-method: mathjax
  wrap: none
  default-image-extension: png
  toc: true
  toc-depth: 2
  css:
    - ../../css/styles.css
  
[1mmetadata[22m
  document-css: false
  link-citations: true
  date-format: long
  lang: en
  resources: ../../images
  bibliography:
    - ../../assets/bibliography.bib
  hooks:
    post-render: ../../copy_qmd_files.sh
  toc-location: left
  toc-scroll: true
  smooth-scroll: true
  theme: minima
  title: Automated Text Summarization with R
  author: Martin Schweinberger
  
[33mWARN: Unable to resolve link target: tutorials/txtsum/tutorials/txtsum/txtsum.qmd[39m
Output created: ../../_site/tutorials/txtsum/txtsum.html

