[31m

processing file: regex_cb.qmd
[39m1/29                  
2/29 [prep2]          
3/29                  
4/29 [regex01]        
5/29                  
6/29 [regex02]        
7/29                  
8/29 [unnamed-chunk-1]
9/29                  
10/29 [regex10]        
11/29                  
12/29 [regex11]        
13/29                  
14/29 [regex12]        
15/29                  
16/29 [regex13]        
17/29                  
18/29 [regex14]        
19/29                  
20/29 [regex15]        
21/29                  
22/29 [regex16]        
23/29                  
24/29 [regex17]        
25/29                  
26/29 [regex18]        
27/29                  
28/29 [regex19]        
29/29                  
[31moutput file: regex_cb.knit.md

[39m[1mpandoc [22m
  to: html
  output-file: regex_cb.html
  standalone: true
  title-prefix: Language Technology and Data Analysis Laboratory (LADAL)
  section-divs: true
  html-math-method: mathjax
  wrap: none
  default-image-extension: png
  toc: true
  toc-depth: 2
  css:
    - ../css/styles.css
  
[1mmetadata[22m
  document-css: false
  link-citations: true
  date-format: long
  lang: en
  resources: ../images
  bibliography:
    - ../assets/bibliography.bib
  toc-location: left
  toc-scroll: true
  smooth-scroll: true
  theme: minima
  
[31m

processing file: regex_cb.qmd
[39m1/29                  
2/29 [prep2]          
3/29                  
4/29 [regex01]        
5/29                  
6/29 [regex02]        
7/29                  
8/29 [unnamed-chunk-1]
9/29                  
10/29 [regex10]        
11/29                  
12/29 [regex11]        
13/29                  
14/29 [regex12]        
15/29                  
16/29 [regex13]        
17/29                  
18/29 [regex14]        
19/29                  
20/29 [regex15]        
21/29                  
22/29 [regex16]        
23/29                  
24/29 [regex17]        
25/29                  
26/29 [regex18]        
27/29                  
28/29 [regex19]        
29/29                  
[31moutput file: regex_cb.knit.md

[39m[1mpandoc [22m
  to: ipynb
  output-file: regex_cb.ipynb
  standalone: true
  default-image-extension: png
  
[1mmetadata[22m
  ipynb-title-block: /Applications/quarto/share/formats/ipynb/templates/title-block.md
  resources: ../images
  bibliography:
    - ../assets/bibliography.bib
  folder: ../notebooks
  
Output created: ../_site/notebooks/regex_cb.html

