[31m

processing file: net.qmd
[39m1/63                  
2/63 [unnamed-chunk-1]
3/63                  
4/63 [unnamed-chunk-2]
5/63                  
6/63 [prep1]          
7/63                  
8/63 [prep2]          
9/63                  
10/63 [na1]            
11/63                  
12/63 [na1b]           
13/63                  
14/63 [na2]            
15/63                  
16/63 [na2b]           
17/63                  
18/63 [qtda01]         
19/63                  
20/63 [qtda04]         
21/63                  
22/63 [tidy4]          
23/63                  
24/63 [tidy4b]         
25/63                  
26/63 [unnamed-chunk-3]
27/63                  
28/63 [tidy15]         
29/63                  
30/63 [tidy5]          
31/63                  
32/63 [tidy5b]         
33/63                  
34/63 [tidy6]          
35/63                  
36/63 [tidy7]          
37/63                  
38/63 [tidy11]         
39/63                  
40/63 [nstat1]         
41/63                  
42/63 [nstat1b]        
43/63                  
44/63 [nstat2]         
45/63                  
46/63 [nstat2b]        
47/63                  
48/63 [nstat3b]        
49/63                  
50/63 [nstat4]         
51/63                  
52/63 [nstat4b]        
53/63                  
54/63 [nstat4c]        
55/63                  
56/63 [nstat5]         
57/63                  
58/63 [nstat5b]        
59/63                  
60/63 [nstat5c]        
61/63                  
62/63 [fin]            
63/63                  
[31moutput file: net.knit.md

[39m[1mpandoc [22m
  to: html
  output-file: net.html
  standalone: true
  title-prefix: Language Technology and Data Analysis Laboratory (LADAL)
  section-divs: true
  html-math-method: mathjax
  wrap: none
  default-image-extension: png
  toc: true
  toc-depth: 2
  css:
    - ../../css/styles.css
  
[1mmetadata[22m
  document-css: false
  link-citations: true
  date-format: long
  lang: en
  resources: ../../images
  bibliography:
    - ../../assets/bibliography.bib
  hooks:
    post-render: ../../copy_qmd_files.sh
  toc-location: left
  toc-scroll: true
  smooth-scroll: true
  theme: minima
  title: Network Analysis using R
  author: Martin Schweinberger
  
[33mWARN: Unable to resolve link target: tutorials/net/tutorials/net/net.qmd[39m
Output created: ../../_site/tutorials/net/net.html

