[31m

processing file: dviz.qmd
[39m1/141            
2/141 [prep1]    
3/141            
4/141 [prep2]    
5/141            
6/141 [prep4]    
7/141            
8/141 [prep5]    
9/141            
10/141 [prep6]    
11/141            
12/141 [scatter9] 
13/141            
14/141 [scatter10]
15/141            
16/141 [scatter12]
17/141            
18/141 [scatter13]
19/141            
20/141 [scatter14]
21/141            
22/141 [scatter15]
23/141            
24/141 [scatter16]
25/141            
26/141 [bal1]     
27/141            
28/141 [dens1]    
29/141            
30/141 [dens2]    
31/141            
32/141 [dens3]    
33/141            
34/141 [hex_01]   
35/141            
36/141 [line1]    
37/141            
38/141 [line2]    
39/141            
40/141 [line3]    
41/141            
42/141 [rib_01]   
43/141            
44/141 [llik_01]  
45/141            
46/141 [llik_03]  
47/141            
48/141 [llik_05]  
49/141            
50/141 [pie_01]   
51/141            
52/141 [pie_01b]  
53/141            
54/141 [pie_03]   
55/141            
56/141 [pie_05]   
57/141            
58/141 [pie_07]   
59/141            
60/141 [pie_09]   
61/141            
62/141 [pie_10]   
63/141            
64/141 [pie_11]   
65/141            
66/141 [hist_02]  
67/141            
68/141 [hist_03]  
69/141            
70/141 [bar4]     
71/141            
72/141 [bar5]     
73/141            
74/141 [bar6]     
75/141            
76/141 [bar7]     
77/141            
78/141 [bar8]     
79/141            
80/141 [bar9]     
81/141            
82/141 [likert1]  
83/141            
84/141 [likert2]  
85/141            
86/141 [likert7]  
87/141            
88/141 [likert9]  
89/141            
90/141 [likert11] 
91/141            
92/141 [likert13] 
93/141            
94/141 [likert15] 
95/141            
96/141 [likert17] 
97/141            
98/141 [bar12]    
99/141            
100/141 [bar13]    
101/141            
102/141 [bar23]    
103/141            
104/141 [rid_01]   
105/141            
106/141 [rid_02]   
107/141            
108/141 [box1]     
109/141            
110/141 [box3]     
111/141            
112/141 [box4]     
113/141            
114/141 [box5]     
115/141            
116/141 [vio1]     
117/141            
118/141 [wc2]      
119/141            
120/141 [wc3]      
121/141            
122/141 [wc5]      
123/141            
124/141 [wc6]      
125/141            
126/141 [ass2]     
127/141            
128/141 [bar_04]   
129/141            
130/141 [ass3]     
131/141            
132/141 [mos1]     
133/141            
134/141 [heat_01]  
135/141            
136/141 [heat_03]  
137/141            
138/141 [heat_05]  
139/141            
140/141 [fin]      
141/141            
[31moutput file: dviz.knit.md

[39m[1mpandoc [22m
  to: html
  output-file: dviz.html
  standalone: true
  title-prefix: Language Technology and Data Analysis Laboratory (LADAL)
  section-divs: true
  html-math-method: mathjax
  wrap: none
  default-image-extension: png
  toc: true
  toc-depth: 2
  css:
    - ../../css/styles.css
  
[1mmetadata[22m
  document-css: false
  link-citations: true
  date-format: long
  lang: en
  resources: ../../images
  bibliography:
    - ../../assets/bibliography.bib
  hooks:
    post-render: ../../copy_qmd_files.sh
  toc-location: left
  toc-scroll: true
  smooth-scroll: true
  theme: minima
  title: Data Visualization with R
  author: Martin Schweinberger
  
[33mWARN: Unable to resolve link target: tutorials/dviz/tutorials/dviz/dviz.qmd[39m
Output created: ../../_site/tutorials/dviz/dviz.html

