[31m

processing file: corplingr.qmd
[39m1/149                 
2/149 [listfiles]     
3/149                 
4/149 [loadfiles]     
5/149                 
6/149 [prep1]         
7/149                 
8/149 [prep2]         
9/149                 
10/149 [childes_01_02] 
11/149                 
12/149 [childes_01_01] 
13/149                 
14/149 [childes_01_01b]
15/149                 
16/149 [childes_01_03] 
17/149                 
18/149 [childes_01_05] 
19/149                 
20/149 [childes_01_06] 
21/149                 
22/149 [childes_01_07] 
23/149                 
24/149 [childes_01_08] 
25/149                 
26/149 [childes_01_09] 
27/149                 
28/149 [hslld_01_10]   
29/149                 
30/149 [hslld_01_12]   
31/149                 
32/149 [hslld_01_14]   
33/149                 
34/149 [hslld_01_15]   
35/149                 
36/149 [hslld_01_16]   
37/149                 
38/149 [hslld_01_17]   
39/149                 
40/149 [hslld_01_18]   
41/149                 
42/149 [hslld_01_19]   
43/149                 
44/149 [hslld_01_20]   
45/149                 
46/149 [hslld_01_21]   
47/149                 
48/149 [hslld_01_22]   
49/149                 
50/149 [hslld_01_23]   
51/149                 
52/149 [hslld_01_24]   
53/149                 
54/149 [hslld_01_25]   
55/149                 
56/149 [hslld_01_26]   
57/149                 
58/149 [hslld_01_27]   
59/149                 
60/149 [hslld_01_41]   
61/149                 
62/149 [hslld_01_42]   
63/149                 
64/149 [hslld_01_43]   
65/149                 
66/149 [hslld_01_44]   
67/149                 
68/149 [hslld_01_45]   
69/149                 
70/149 [hslld_01_50]   
71/149                 
72/149 [hslld_01_51]   
73/149                 
74/149 [hslld_01_52]   
75/149                 
76/149 [hslld_01_55]   
77/149                 
78/149 [hslld_01_56]   
79/149                 
80/149 [hslld_01_57]   
81/149                 
82/149 [hslld_01_58]   
83/149                 
84/149 [hslld_01_60]   
85/149                 
86/149 [hslld_01_61]   
87/149                 
88/149 [hslld_01_62]   
89/149                 
90/149 [hslld_01_63]   
91/149                 
92/149 [hslld_01_64]   
93/149                 
94/149 [sw0]           
95/149                 
96/149 [sw1]           
97/149                 
98/149 [sw3]           
99/149                 
100/149 [sw4]           
101/149                 
102/149 [sw4b]          
103/149                 
104/149 [sw5]           
105/149                 
106/149 [sw5b]          
107/149                 
108/149 [sw6]           
109/149                 
110/149 [sw7]           
111/149                 
112/149 [sw7b]          
113/149                 
114/149 [sw8]           
115/149                 
116/149 [sw9]           
117/149                 
118/149 [sw9b]          
119/149                 
120/149 [sw10]          
121/149                 
122/149 [sw10b]         
123/149                 
124/149 [sw11]          
125/149                 
126/149 [sw11b]         
127/149                 
128/149 [sw12]          
129/149                 
130/149 [sw12b]         
131/149                 
132/149 [sw13]          
133/149                 
134/149 [sw13b]         
135/149                 
136/149 [sw14]          
137/149                 
138/149 [sw15]          
139/149                 
140/149 [sw16]          
141/149                 
142/149 [cfa1b]         
143/149                 
144/149 [cfa2]          
145/149                 
146/149 [cfa3]          
147/149                 
148/149 [fin]           
149/149                 
[31moutput file: corplingr.knit.md

[39m[1mpandoc [22m
  to: html
  output-file: corplingr.html
  standalone: true
  title-prefix: Language Technology and Data Analysis Laboratory (LADAL)
  section-divs: true
  html-math-method: mathjax
  wrap: none
  default-image-extension: png
  toc: true
  toc-depth: 2
  css:
    - ../../css/styles.css
  
[1mmetadata[22m
  document-css: false
  link-citations: true
  date-format: long
  lang: en
  resources: ../../images
  bibliography:
    - ../../assets/bibliography.bib
  hooks:
    post-render: ../../copy_qmd_files.sh
  toc-location: left
  toc-scroll: true
  smooth-scroll: true
  theme: minima
  title: Corpus Linguistics with R
  author: Martin Schweinberger
  
[33mWARN: Unable to resolve link target: tutorials/corplingr/tutorials/corplingr/corplingr.qmd[39m
Output created: ../../_site/tutorials/corplingr/corplingr.html

