[31m

processing file: pdf2txt.qmd
[39m1/31                  
2/31 [prep1]          
3/31                  
4/31 [prep2]          
5/31                  
6/31 [pconv01]        
7/31                  
8/31 [pconv02]        
9/31                  
10/31 [pconv03]        
11/31                  
12/31 [pconv05]        
13/31                  
14/31 [pconv06]        
15/31                  
16/31 [pconv07]        
17/31                  
18/31 [unnamed-chunk-1]
19/31                  
20/31 [tesout1]        
21/31                  
22/31 [ocrtoken1]      
23/31                  
24/31 [tesout2]        
25/31                  
26/31 [ocrtoken2]      
27/31                  
28/31 [tesout3]        
29/31                  
30/31 [fin]            
31/31                  
[31moutput file: pdf2txt.knit.md

[39m[1mpandoc [22m
  to: html
  output-file: pdf2txt.html
  standalone: true
  title-prefix: Language Technology and Data Analysis Laboratory (LADAL)
  section-divs: true
  html-math-method: mathjax
  wrap: none
  default-image-extension: png
  toc: true
  toc-depth: 2
  css:
    - ../../css/styles.css
  
[1mmetadata[22m
  document-css: false
  link-citations: true
  date-format: long
  lang: en
  resources: ../../images
  bibliography:
    - ../../assets/bibliography.bib
  hooks:
    post-render: ../../copy_qmd_files.sh
  toc-location: left
  toc-scroll: true
  smooth-scroll: true
  theme: minima
  title: Converting PDFs to txt files with R
  author: Martin Schweinberger
  
[33mWARN: Unable to resolve link target: tutorials/pdf2txt/tutorials/pdf2txt/pdf2txt.qmd[39m
Output created: ../../_site/tutorials/pdf2txt/pdf2txt.html

